16:01:39.458 [background-preinit] INFO  o.h.v.i.util.Version - [<clinit>,21] - HV000001: Hibernate Validator 6.2.3.Final
16:01:40.842 [main] INFO  c.h.i.s.ImServiceApplication - [logStartupProfileInfo,640] - The following 1 profile is active: "dev"
16:01:44.347 [main] INFO  c.h.i.s.ImServiceApplication - [logStarted,61] - Started ImServiceApplication in 6.408 seconds (JVM running for 7.089)
16:01:44.695 [RMI TCP Connection(2)-10.32.128.102] INFO  c.z.h.HikariDataSource - [getConnection,110] - HikariPool-1 - Starting...
16:01:44.943 [RMI TCP Connection(2)-10.32.128.102] INFO  c.z.h.HikariDataSource - [getConnection,123] - HikariPool-1 - Start completed.
16:18:09.092 [org.springframework.amqp.rabbit.RabbitListenerEndpointContainer#1-1] INFO  c.h.i.s.m.GroupChatOperateReceiver - [onChatMessage,48] - CHAT MSG FORM QUEUE ::: {"clientType":1,"groupId":"qun1","appId":10000,"messageId":"9cb43316-3a82-49a9-82cb-66cc2e6da4fc","imei":"windows","siteId":"cssite","fromId":"lld2","command":2104}
16:26:10.115 [org.springframework.amqp.rabbit.RabbitListenerEndpointContainer#1-1] INFO  c.h.i.s.m.GroupChatOperateReceiver - [onChatMessage,48] - CHAT MSG FORM QUEUE ::: {"clientType":1,"messageBody":"{\"type\":1,\"content\":\"群消息测试\"}","groupId":"qun1","appId":10000,"messageId":"0fd481ec-b462-4faa-95ba-2fcb03003d11","imei":"windows","siteId":"cssite","fromId":"lld","command":2104}
16:26:39.478 [SpringApplicationShutdownHook] INFO  c.z.h.HikariDataSource - [close,350] - HikariPool-1 - Shutdown initiated...
16:26:39.481 [SpringApplicationShutdownHook] INFO  c.z.h.HikariDataSource - [close,352] - HikariPool-1 - Shutdown completed.
16:26:49.472 [background-preinit] INFO  o.h.v.i.util.Version - [<clinit>,21] - HV000001: Hibernate Validator 6.2.3.Final
16:26:51.945 [main] INFO  c.h.i.s.ImServiceApplication - [logStartupProfileInfo,640] - The following 1 profile is active: "dev"
16:26:57.096 [main] INFO  c.h.i.s.ImServiceApplication - [logStarted,61] - Started ImServiceApplication in 9.6 seconds (JVM running for 14.554)
16:26:57.702 [RMI TCP Connection(11)-10.32.128.102] INFO  c.z.h.HikariDataSource - [getConnection,110] - HikariPool-1 - Starting...
16:26:58.004 [RMI TCP Connection(11)-10.32.128.102] INFO  c.z.h.HikariDataSource - [getConnection,123] - HikariPool-1 - Start completed.
16:28:05.834 [org.springframework.amqp.rabbit.RabbitListenerEndpointContainer#1-1] INFO  c.h.i.s.m.GroupChatOperateReceiver - [onChatMessage,48] - CHAT MSG FORM QUEUE ::: {"clientType":1,"messageBody":"{\"type\":1,\"content\":\"群消息\"}","groupId":"qun1","appId":10000,"messageId":"0ecd7e7b-4fc5-4c3d-8450-e3ef0960c2ea","imei":"windows","siteId":"cssite","fromId":"lld","command":2104}
16:28:28.765 [org.springframework.amqp.rabbit.RabbitListenerEndpointContainer#1-1] INFO  c.h.i.s.m.GroupChatOperateReceiver - [onChatMessage,48] - CHAT MSG FORM QUEUE ::: {"clientType":1,"messageBody":"{\"type\":1,\"content\":\"群消息\"}","groupId":"qun1","appId":10000,"messageId":"954ac6df-af04-40d3-9923-c1fed314b702","imei":"windows","siteId":"cssite","fromId":"lld","command":2104}
16:32:08.342 [org.springframework.amqp.rabbit.RabbitListenerEndpointContainer#1-2] INFO  c.h.i.s.m.GroupChatOperateReceiver - [onChatMessage,48] - CHAT MSG FORM QUEUE ::: {"clientType":1,"messageBody":"{\"type\":1,\"content\":\"群消息\"}","groupId":"qun1","appId":10000,"messageId":"954ac6df-af04-40d3-9923-c1fed314b702","imei":"windows","siteId":"cssite","fromId":"lld","command":2104}
16:32:36.137 [org.springframework.amqp.rabbit.RabbitListenerEndpointContainer#1-2] INFO  c.h.i.s.m.GroupChatOperateReceiver - [onChatMessage,48] - CHAT MSG FORM QUEUE ::: {"clientType":1,"messageBody":"{\"type\":1,\"content\":\"群消息\"}","groupId":"qun1","appId":10000,"messageId":"fb008df5-9bf1-4338-80fe-633975137f8e","imei":"windows","siteId":"cssite","fromId":"lld","command":2104}
16:32:48.348 [org.springframework.amqp.rabbit.RabbitListenerEndpointContainer#1-2] INFO  c.h.i.s.m.p.MessageProducer - [sendMessage,46] - send message == {"appId":10000,"clientType":1,"command":2047,"data":{"msg":"success","code":200,"data":{"messageId":"fb008df5-9bf1-4338-80fe-633975137f8e"},"ok":true},"imei":"windows","siteId":"cssite","toId":"lld"}
16:32:48.383 [org.springframework.amqp.rabbit.RabbitListenerEndpointContainer#1-2] INFO  c.h.i.s.m.p.MessageProducer - [sendMessage,46] - send message == {"appId":10000,"clientType":1,"command":2104,"data":{"clientType":1,"messageBody":"{\"type\":1,\"content\":\"群消息\"}","appId":10000,"groupId":"qun1","imei":"windows","messageId":"fb008df5-9bf1-4338-80fe-633975137f8e","siteId":"cssite","messageSequence":0,"fromId":"lld"},"imei":"windows","siteId":"cssite","toId":"lld2"}
16:40:20.625 [org.springframework.amqp.rabbit.RabbitListenerEndpointContainer#1-2] INFO  c.h.i.s.m.GroupChatOperateReceiver - [onChatMessage,48] - CHAT MSG FORM QUEUE ::: {"clientType":1,"messageBody":"{\"type\":1,\"content\":\"群消息\"}","groupId":"qun1","appId":10000,"messageId":"56d880c9-b1f2-42f2-8646-c1fe1d5c8473","imei":"windows","siteId":"cssite","fromId":"lld","command":2104}
16:40:20.754 [org.springframework.amqp.rabbit.RabbitListenerEndpointContainer#1-2] INFO  c.h.i.s.m.p.MessageProducer - [sendMessage,46] - send message == {"appId":10000,"clientType":1,"command":2047,"data":{"msg":"success","code":200,"data":{"messageId":"56d880c9-b1f2-42f2-8646-c1fe1d5c8473"},"ok":true},"imei":"windows","siteId":"cssite","toId":"lld"}
16:40:20.764 [org.springframework.amqp.rabbit.RabbitListenerEndpointContainer#1-2] INFO  c.h.i.s.m.p.MessageProducer - [sendMessage,46] - send message == {"appId":10000,"clientType":1,"command":2104,"data":{"clientType":1,"messageBody":"{\"type\":1,\"content\":\"群消息\"}","appId":10000,"groupId":"qun1","imei":"windows","messageId":"56d880c9-b1f2-42f2-8646-c1fe1d5c8473","siteId":"cssite","messageSequence":0,"fromId":"lld"},"imei":"windows","siteId":"cssite","toId":"lld2"}
16:41:40.497 [org.springframework.amqp.rabbit.RabbitListenerEndpointContainer#1-2] INFO  c.h.i.s.m.GroupChatOperateReceiver - [onChatMessage,48] - CHAT MSG FORM QUEUE ::: {"clientType":1,"messageBody":"{\"type\":1,\"content\":\"群消息111\"}","groupId":"qun1","appId":10000,"messageId":"6107b712-0ef3-4595-a1c4-3ba339f5cbba","imei":"windows","siteId":"cssite","fromId":"lld","command":2104}
16:41:40.533 [org.springframework.amqp.rabbit.RabbitListenerEndpointContainer#1-2] INFO  c.h.i.s.m.p.MessageProducer - [sendMessage,46] - send message == {"appId":10000,"clientType":1,"command":2047,"data":{"msg":"success","code":200,"data":{"messageId":"6107b712-0ef3-4595-a1c4-3ba339f5cbba"},"ok":true},"imei":"windows","siteId":"cssite","toId":"lld"}
16:41:40.539 [org.springframework.amqp.rabbit.RabbitListenerEndpointContainer#1-2] INFO  c.h.i.s.m.p.MessageProducer - [sendMessage,46] - send message == {"appId":10000,"clientType":1,"command":2104,"data":{"clientType":1,"messageBody":"{\"type\":1,\"content\":\"群消息111\"}","appId":10000,"groupId":"qun1","imei":"windows","messageId":"6107b712-0ef3-4595-a1c4-3ba339f5cbba","siteId":"cssite","messageSequence":0,"fromId":"lld"},"imei":"windows","siteId":"cssite","toId":"lld2"}
16:41:41.961 [org.springframework.amqp.rabbit.RabbitListenerEndpointContainer#1-2] INFO  c.h.i.s.m.GroupChatOperateReceiver - [onChatMessage,48] - CHAT MSG FORM QUEUE ::: {"clientType":1,"messageBody":"{\"type\":1,\"content\":\"群消息1111\"}","groupId":"qun1","appId":10000,"messageId":"317b0f26-1056-4cd9-a110-50b97cac1a1a","imei":"windows","siteId":"cssite","fromId":"lld","command":2104}
16:41:41.991 [org.springframework.amqp.rabbit.RabbitListenerEndpointContainer#1-2] INFO  c.h.i.s.m.p.MessageProducer - [sendMessage,46] - send message == {"appId":10000,"clientType":1,"command":2047,"data":{"msg":"success","code":200,"data":{"messageId":"317b0f26-1056-4cd9-a110-50b97cac1a1a"},"ok":true},"imei":"windows","siteId":"cssite","toId":"lld"}
16:41:41.998 [org.springframework.amqp.rabbit.RabbitListenerEndpointContainer#1-2] INFO  c.h.i.s.m.p.MessageProducer - [sendMessage,46] - send message == {"appId":10000,"clientType":1,"command":2104,"data":{"clientType":1,"messageBody":"{\"type\":1,\"content\":\"群消息1111\"}","appId":10000,"groupId":"qun1","imei":"windows","messageId":"317b0f26-1056-4cd9-a110-50b97cac1a1a","siteId":"cssite","messageSequence":0,"fromId":"lld"},"imei":"windows","siteId":"cssite","toId":"lld2"}
17:10:40.732 [SpringApplicationShutdownHook] INFO  c.z.h.HikariDataSource - [close,350] - HikariPool-1 - Shutdown initiated...
17:10:40.735 [SpringApplicationShutdownHook] INFO  c.z.h.HikariDataSource - [close,352] - HikariPool-1 - Shutdown completed.
17:41:59.447 [background-preinit] INFO  o.h.v.i.util.Version - [<clinit>,21] - HV000001: Hibernate Validator 6.2.3.Final
17:42:01.411 [main] INFO  c.h.i.s.ImServiceApplication - [logStartupProfileInfo,640] - The following 1 profile is active: "dev"
17:42:07.081 [main] INFO  c.h.i.s.ImServiceApplication - [logStarted,61] - Started ImServiceApplication in 9.67 seconds (JVM running for 14.358)
17:42:07.289 [RMI TCP Connection(6)-10.32.128.102] INFO  c.z.h.HikariDataSource - [getConnection,110] - HikariPool-1 - Starting...
17:42:07.656 [RMI TCP Connection(6)-10.32.128.102] INFO  c.z.h.HikariDataSource - [getConnection,123] - HikariPool-1 - Start completed.
17:43:49.759 [org.springframework.amqp.rabbit.RabbitListenerEndpointContainer#1-1] INFO  c.h.i.s.m.GroupChatOperateReceiver - [onChatMessage,48] - CHAT MSG FORM QUEUE ::: {"clientType":1,"messageBody":"{\"type\":1,\"content\":\"的意思\",\"siteId\":\"cssite\"}","groupId":"qun1","appId":10000,"messageId":"41c7f346-0582-4038-b98d-51046e9e058f","imei":"windows","siteId":"cssite","fromId":"lld","command":2104}
17:43:50.416 [org.springframework.amqp.rabbit.RabbitListenerEndpointContainer#1-1] INFO  c.h.i.s.m.p.MessageProducer - [sendMessage,46] - send message == {"appId":10000,"clientType":1,"command":2047,"data":{"msg":"success","code":200,"data":{"messageId":"41c7f346-0582-4038-b98d-51046e9e058f"},"ok":true},"imei":"windows","siteId":"cssite","toId":"lld"}
17:43:50.435 [org.springframework.amqp.rabbit.RabbitListenerEndpointContainer#1-1] INFO  c.h.i.s.m.p.MessageProducer - [sendMessage,46] - send message == {"appId":10000,"clientType":1,"command":2104,"data":{"clientType":1,"messageBody":"{\"type\":1,\"content\":\"的意思\",\"siteId\":\"cssite\"}","appId":10000,"groupId":"qun1","imei":"windows","messageId":"41c7f346-0582-4038-b98d-51046e9e058f","siteId":"cssite","messageSequence":0,"fromId":"lld"},"imei":"windows","siteId":"cssite","toId":"lld2"}
18:06:23.410 [org.springframework.amqp.rabbit.RabbitListenerEndpointContainer#1-1] INFO  c.h.i.s.m.GroupChatOperateReceiver - [onChatMessage,48] - CHAT MSG FORM QUEUE ::: {"clientType":1,"appId":10000,"siteId":"cssite","imei":"windows","command":2104}
18:09:00.721 [org.springframework.amqp.rabbit.RabbitListenerEndpointContainer#1-1] INFO  c.h.i.s.m.GroupChatOperateReceiver - [onChatMessage,48] - CHAT MSG FORM QUEUE ::: {"clientType":1,"appId":10000,"siteId":"cssite","imei":"windows","command":2104}
18:25:06.712 [org.springframework.amqp.rabbit.RabbitListenerEndpointContainer#1-1] INFO  c.h.i.s.m.GroupChatOperateReceiver - [onChatMessage,48] - CHAT MSG FORM QUEUE ::: {"clientType":1,"messageBody":"{\"type\":1,\"content\":\"的意思\",\"siteId\":\"cssite\"}","groupId":"qun1","appId":10000,"messageId":"80a7d4a9-2963-4879-b845-d839978b66ae","imei":"windows","siteId":"cssite","fromId":"lld","command":2104}
18:25:06.765 [org.springframework.amqp.rabbit.RabbitListenerEndpointContainer#1-1] INFO  c.h.i.s.m.p.MessageProducer - [sendMessage,46] - send message == {"appId":10000,"clientType":1,"command":2047,"data":{"msg":"success","code":200,"data":{"messageId":"80a7d4a9-2963-4879-b845-d839978b66ae"},"ok":true},"imei":"windows","siteId":"cssite","toId":"lld"}
18:25:06.772 [org.springframework.amqp.rabbit.RabbitListenerEndpointContainer#1-1] INFO  c.h.i.s.m.p.MessageProducer - [sendMessage,46] - send message == {"appId":10000,"clientType":1,"command":2104,"data":{"clientType":1,"messageBody":"{\"type\":1,\"content\":\"的意思\",\"siteId\":\"cssite\"}","appId":10000,"groupId":"qun1","imei":"windows","messageId":"80a7d4a9-2963-4879-b845-d839978b66ae","siteId":"cssite","messageSequence":0,"fromId":"lld"},"imei":"windows","siteId":"cssite","toId":"lld2"}
18:30:56.322 [SpringApplicationShutdownHook] INFO  c.z.h.HikariDataSource - [close,350] - HikariPool-1 - Shutdown initiated...
18:30:56.325 [SpringApplicationShutdownHook] INFO  c.z.h.HikariDataSource - [close,352] - HikariPool-1 - Shutdown completed.
