10:54:03.670 [background-preinit] INFO  o.h.v.i.util.Version - [<clinit>,21] - HV000001: Hibernate Validator 6.2.3.Final
10:54:05.041 [main] INFO  c.h.i.s.ImServiceApplication - [logStartupProfileInfo,640] - The following 1 profile is active: "dev"
10:56:00.005 [background-preinit] INFO  o.h.v.i.util.Version - [<clinit>,21] - HV000001: Hibernate Validator 6.2.3.Final
10:56:01.582 [main] INFO  c.h.i.s.ImServiceApplication - [logStartupProfileInfo,640] - The following 1 profile is active: "dev"
10:56:04.920 [main] INFO  c.h.i.s.ImServiceApplication - [logStarted,61] - Started ImServiceApplication in 6.665 seconds (JVM running for 7.18)
10:56:05.163 [RMI TCP Connection(6)-10.32.128.102] INFO  c.z.h.HikariDataSource - [getConnection,110] - HikariPool-1 - Starting...
10:56:05.437 [RMI TCP Connection(6)-10.32.128.102] INFO  c.z.h.HikariDataSource - [getConnection,123] - HikariPool-1 - Start completed.
10:57:11.333 [org.springframework.amqp.rabbit.RabbitListenerEndpointContainer#0-1] INFO  c.h.i.s.m.ChatOperateReceiver - [onChatMessage,66] - IM服务发送给逻辑层的消息处理! queue：pipeline2MessageService,msg:{"toId":"lld","messageTime":1692068231000,"clientType":1,"messageRandom":7818,"messageBody":"{\"type\":1,\"content\":\"来了老弟\\n\"}","appId":10000,"messageId":"u175ojy461692068231317","siteId":"cssite","imei":"windows","fromId":"2a4f53eb8f6d892a11ebcddfb0e44e05","command":1103}
10:57:11.368 [org.springframework.amqp.rabbit.RabbitListenerEndpointContainer#0-1] INFO  c.h.i.s.m.ChatOperateReceiver - [onChatMessage,74] - 单聊消息处理
10:57:11.374 [org.springframework.amqp.rabbit.RabbitListenerEndpointContainer#0-1] INFO  c.h.i.s.m.s.P2PMessageService - [process,79] - 消息开始处理：u175ojy461692068231317
10:57:11.646 [org.springframework.amqp.rabbit.RabbitListenerEndpointContainer#0-1] INFO  c.h.i.s.m.s.P2PMessageService - [process,172] - 回ack 成功给自己
10:57:11.646 [org.springframework.amqp.rabbit.RabbitListenerEndpointContainer#0-1] INFO  c.h.i.s.m.s.P2PMessageService - [ack,209] - msg ack,msgId=u175ojy461692068231317,checkResut200
10:57:11.658 [org.springframework.amqp.rabbit.RabbitListenerEndpointContainer#0-1] INFO  c.h.i.s.m.p.MessageProducer - [sendMessage,46] - send message == {"appId":10000,"clientType":1,"command":1046,"data":{"msg":"success","code":200,"data":{"messageId":"u175ojy461692068231317","messageSequence":0},"ok":true},"imei":"windows","siteId":"cssite","toId":"2a4f53eb8f6d892a11ebcddfb0e44e05"}
10:57:11.660 [org.springframework.amqp.rabbit.RabbitListenerEndpointContainer#0-1] INFO  c.h.i.s.m.s.P2PMessageService - [process,178] - 开始发消息给对方的在线端
10:57:11.660 [org.springframework.amqp.rabbit.RabbitListenerEndpointContainer#0-1] INFO  c.h.i.s.m.s.P2PMessageService - [process,179] - messageContent:MessageContent(messageId=u175ojy461692068231317, fromId=2a4f53eb8f6d892a11ebcddfb0e44e05, toId=lld, messageBody={"type":1,"content":"来了老弟\n"}, messageTime=1692068231000, extra=null, messageKey=null, messageSequence=0)
10:57:11.665 [org.springframework.amqp.rabbit.RabbitListenerEndpointContainer#0-1] INFO  c.h.i.s.m.p.MessageProducer - [sendMessage,46] - send message == {"appId":10000,"clientType":1,"command":1103,"data":{"toId":"lld","messageTime":1692068231000,"clientType":1,"messageBody":"{\"type\":1,\"content\":\"来了老弟\\n\"}","appId":10000,"imei":"windows","messageId":"u175ojy461692068231317","siteId":"cssite","messageSequence":0,"fromId":"2a4f53eb8f6d892a11ebcddfb0e44e05"},"imei":"windows","siteId":"cssite","toId":"lld"}
10:57:11.668 [org.springframework.amqp.rabbit.RabbitListenerEndpointContainer#0-1] INFO  c.h.i.s.m.p.MessageProducer - [sendMessage,46] - send message == {"appId":10000,"clientType":1,"command":1107,"data":{"toId":"2a4f53eb8f6d892a11ebcddfb0e44e05","serverSend":true,"messageSequence":0,"fromId":"lld"},"imei":"windows","siteId":"cssite","toId":"2a4f53eb8f6d892a11ebcddfb0e44e05"}
10:57:11.669 [org.springframework.amqp.rabbit.RabbitListenerEndpointContainer#0-1] INFO  c.h.i.s.m.s.P2PMessageService - [process,183] - 完成发消息给对方的在线端
10:57:11.669 [org.springframework.amqp.rabbit.RabbitListenerEndpointContainer#0-1] INFO  c.h.i.s.m.s.P2PMessageService - [process,195] - 消息处理完成：u175ojy461692068231317
10:59:00.268 [org.springframework.amqp.rabbit.RabbitListenerEndpointContainer#0-1] INFO  c.h.i.s.m.ChatOperateReceiver - [onChatMessage,66] - IM服务发送给逻辑层的消息处理! queue：pipeline2MessageService,msg:{"toId":"lld","messageTime":1692068340000,"clientType":1,"messageRandom":8448,"messageBody":"{\"type\":1,\"content\":\"txt习\\n\"}","appId":10000,"messageId":"xj6op5qt7h1692068340261","siteId":"cssite","imei":"windows","fromId":"2a4f53eb8f6d892a11ebcddfb0e44e05","command":1103}
10:59:00.269 [org.springframework.amqp.rabbit.RabbitListenerEndpointContainer#0-1] INFO  c.h.i.s.m.ChatOperateReceiver - [onChatMessage,74] - 单聊消息处理
10:59:00.269 [org.springframework.amqp.rabbit.RabbitListenerEndpointContainer#0-1] INFO  c.h.i.s.m.s.P2PMessageService - [process,79] - 消息开始处理：xj6op5qt7h1692068340261
10:59:00.299 [org.springframework.amqp.rabbit.RabbitListenerEndpointContainer#0-1] INFO  c.h.i.s.m.s.P2PMessageService - [process,172] - 回ack 成功给自己
10:59:00.299 [org.springframework.amqp.rabbit.RabbitListenerEndpointContainer#0-1] INFO  c.h.i.s.m.s.P2PMessageService - [ack,209] - msg ack,msgId=xj6op5qt7h1692068340261,checkResut200
10:59:00.301 [org.springframework.amqp.rabbit.RabbitListenerEndpointContainer#0-1] INFO  c.h.i.s.m.p.MessageProducer - [sendMessage,46] - send message == {"appId":10000,"clientType":1,"command":1046,"data":{"msg":"success","code":200,"data":{"messageId":"xj6op5qt7h1692068340261","messageSequence":0},"ok":true},"imei":"windows","siteId":"cssite","toId":"2a4f53eb8f6d892a11ebcddfb0e44e05"}
10:59:00.301 [org.springframework.amqp.rabbit.RabbitListenerEndpointContainer#0-1] INFO  c.h.i.s.m.s.P2PMessageService - [process,178] - 开始发消息给对方的在线端
10:59:00.302 [org.springframework.amqp.rabbit.RabbitListenerEndpointContainer#0-1] INFO  c.h.i.s.m.s.P2PMessageService - [process,179] - messageContent:MessageContent(messageId=xj6op5qt7h1692068340261, fromId=2a4f53eb8f6d892a11ebcddfb0e44e05, toId=lld, messageBody={"type":1,"content":"txt习\n"}, messageTime=1692068340000, extra=null, messageKey=null, messageSequence=0)
10:59:00.304 [org.springframework.amqp.rabbit.RabbitListenerEndpointContainer#0-1] INFO  c.h.i.s.m.p.MessageProducer - [sendMessage,46] - send message == {"appId":10000,"clientType":1,"command":1103,"data":{"toId":"lld","messageTime":1692068340000,"clientType":1,"messageBody":"{\"type\":1,\"content\":\"txt习\\n\"}","appId":10000,"imei":"windows","messageId":"xj6op5qt7h1692068340261","siteId":"cssite","messageSequence":0,"fromId":"2a4f53eb8f6d892a11ebcddfb0e44e05"},"imei":"windows","siteId":"cssite","toId":"lld"}
10:59:00.306 [org.springframework.amqp.rabbit.RabbitListenerEndpointContainer#0-1] INFO  c.h.i.s.m.p.MessageProducer - [sendMessage,46] - send message == {"appId":10000,"clientType":1,"command":1107,"data":{"toId":"2a4f53eb8f6d892a11ebcddfb0e44e05","serverSend":true,"messageSequence":0,"fromId":"lld"},"imei":"windows","siteId":"cssite","toId":"2a4f53eb8f6d892a11ebcddfb0e44e05"}
10:59:00.306 [org.springframework.amqp.rabbit.RabbitListenerEndpointContainer#0-1] INFO  c.h.i.s.m.s.P2PMessageService - [process,183] - 完成发消息给对方的在线端
10:59:00.306 [org.springframework.amqp.rabbit.RabbitListenerEndpointContainer#0-1] INFO  c.h.i.s.m.s.P2PMessageService - [process,195] - 消息处理完成：xj6op5qt7h1692068340261
10:59:46.913 [org.springframework.amqp.rabbit.RabbitListenerEndpointContainer#0-1] INFO  c.h.i.s.m.ChatOperateReceiver - [onChatMessage,66] - IM服务发送给逻辑层的消息处理! queue：pipeline2MessageService,msg:{"toId":"2a4f53eb8f6d892a11ebcddfb0e44e05","messageTime":1692068386000,"clientType":1,"messageRandom":9871,"messageBody":"{\"type\":1,\"content\":\"来啊\"}","appId":10000,"messageId":"2yf43xn2sr1692068386910","siteId":"cssite","imei":"windows","fromId":"lld","command":1103}
10:59:46.914 [org.springframework.amqp.rabbit.RabbitListenerEndpointContainer#0-1] INFO  c.h.i.s.m.ChatOperateReceiver - [onChatMessage,74] - 单聊消息处理
10:59:46.914 [org.springframework.amqp.rabbit.RabbitListenerEndpointContainer#0-1] INFO  c.h.i.s.m.s.P2PMessageService - [process,79] - 消息开始处理：2yf43xn2sr1692068386910
10:59:46.931 [org.springframework.amqp.rabbit.RabbitListenerEndpointContainer#0-1] INFO  c.h.i.s.m.s.P2PMessageService - [process,172] - 回ack 成功给自己
10:59:46.931 [org.springframework.amqp.rabbit.RabbitListenerEndpointContainer#0-1] INFO  c.h.i.s.m.s.P2PMessageService - [ack,209] - msg ack,msgId=2yf43xn2sr1692068386910,checkResut200
10:59:46.932 [org.springframework.amqp.rabbit.RabbitListenerEndpointContainer#0-1] INFO  c.h.i.s.m.p.MessageProducer - [sendMessage,46] - send message == {"appId":10000,"clientType":1,"command":1046,"data":{"msg":"success","code":200,"data":{"messageId":"2yf43xn2sr1692068386910","messageSequence":0},"ok":true},"imei":"windows","siteId":"cssite","toId":"lld"}
10:59:46.933 [org.springframework.amqp.rabbit.RabbitListenerEndpointContainer#0-1] INFO  c.h.i.s.m.s.P2PMessageService - [process,178] - 开始发消息给对方的在线端
10:59:46.933 [org.springframework.amqp.rabbit.RabbitListenerEndpointContainer#0-1] INFO  c.h.i.s.m.s.P2PMessageService - [process,179] - messageContent:MessageContent(messageId=2yf43xn2sr1692068386910, fromId=lld, toId=2a4f53eb8f6d892a11ebcddfb0e44e05, messageBody={"type":1,"content":"来啊"}, messageTime=1692068386000, extra=null, messageKey=null, messageSequence=0)
10:59:46.935 [org.springframework.amqp.rabbit.RabbitListenerEndpointContainer#0-1] INFO  c.h.i.s.m.p.MessageProducer - [sendMessage,46] - send message == {"appId":10000,"clientType":1,"command":1103,"data":{"toId":"2a4f53eb8f6d892a11ebcddfb0e44e05","messageTime":1692068386000,"clientType":1,"messageBody":"{\"type\":1,\"content\":\"来啊\"}","appId":10000,"imei":"windows","messageId":"2yf43xn2sr1692068386910","siteId":"cssite","messageSequence":0,"fromId":"lld"},"imei":"windows","siteId":"cssite","toId":"2a4f53eb8f6d892a11ebcddfb0e44e05"}
10:59:46.936 [org.springframework.amqp.rabbit.RabbitListenerEndpointContainer#0-1] INFO  c.h.i.s.m.p.MessageProducer - [sendMessage,46] - send message == {"appId":10000,"clientType":1,"command":1107,"data":{"toId":"lld","serverSend":true,"messageSequence":0,"fromId":"2a4f53eb8f6d892a11ebcddfb0e44e05"},"imei":"windows","siteId":"cssite","toId":"lld"}
10:59:46.936 [org.springframework.amqp.rabbit.RabbitListenerEndpointContainer#0-1] INFO  c.h.i.s.m.s.P2PMessageService - [process,183] - 完成发消息给对方的在线端
10:59:46.936 [org.springframework.amqp.rabbit.RabbitListenerEndpointContainer#0-1] INFO  c.h.i.s.m.s.P2PMessageService - [process,195] - 消息处理完成：2yf43xn2sr1692068386910
11:00:02.704 [org.springframework.amqp.rabbit.RabbitListenerEndpointContainer#0-1] INFO  c.h.i.s.m.ChatOperateReceiver - [onChatMessage,66] - IM服务发送给逻辑层的消息处理! queue：pipeline2MessageService,msg:{"toId":"lld","messageTime":1692068402000,"clientType":1,"messageRandom":2944,"messageBody":"{\"type\":1,\"content\":\"txt习11\\n\"}","appId":10000,"messageId":"dxifwz7621692068402701","siteId":"cssite","imei":"windows","fromId":"2a4f53eb8f6d892a11ebcddfb0e44e05","command":1103}
11:00:02.704 [org.springframework.amqp.rabbit.RabbitListenerEndpointContainer#0-1] INFO  c.h.i.s.m.ChatOperateReceiver - [onChatMessage,74] - 单聊消息处理
11:00:02.705 [org.springframework.amqp.rabbit.RabbitListenerEndpointContainer#0-1] INFO  c.h.i.s.m.s.P2PMessageService - [process,79] - 消息开始处理：dxifwz7621692068402701
11:00:02.721 [org.springframework.amqp.rabbit.RabbitListenerEndpointContainer#0-1] INFO  c.h.i.s.m.s.P2PMessageService - [process,172] - 回ack 成功给自己
11:00:02.721 [org.springframework.amqp.rabbit.RabbitListenerEndpointContainer#0-1] INFO  c.h.i.s.m.s.P2PMessageService - [ack,209] - msg ack,msgId=dxifwz7621692068402701,checkResut200
11:00:02.722 [org.springframework.amqp.rabbit.RabbitListenerEndpointContainer#0-1] INFO  c.h.i.s.m.p.MessageProducer - [sendMessage,46] - send message == {"appId":10000,"clientType":1,"command":1046,"data":{"msg":"success","code":200,"data":{"messageId":"dxifwz7621692068402701","messageSequence":0},"ok":true},"imei":"windows","siteId":"cssite","toId":"2a4f53eb8f6d892a11ebcddfb0e44e05"}
11:00:02.722 [org.springframework.amqp.rabbit.RabbitListenerEndpointContainer#0-1] INFO  c.h.i.s.m.s.P2PMessageService - [process,178] - 开始发消息给对方的在线端
11:00:02.722 [org.springframework.amqp.rabbit.RabbitListenerEndpointContainer#0-1] INFO  c.h.i.s.m.s.P2PMessageService - [process,179] - messageContent:MessageContent(messageId=dxifwz7621692068402701, fromId=2a4f53eb8f6d892a11ebcddfb0e44e05, toId=lld, messageBody={"type":1,"content":"txt习11\n"}, messageTime=1692068402000, extra=null, messageKey=null, messageSequence=0)
11:00:02.724 [org.springframework.amqp.rabbit.RabbitListenerEndpointContainer#0-1] INFO  c.h.i.s.m.p.MessageProducer - [sendMessage,46] - send message == {"appId":10000,"clientType":1,"command":1103,"data":{"toId":"lld","messageTime":1692068402000,"clientType":1,"messageBody":"{\"type\":1,\"content\":\"txt习11\\n\"}","appId":10000,"imei":"windows","messageId":"dxifwz7621692068402701","siteId":"cssite","messageSequence":0,"fromId":"2a4f53eb8f6d892a11ebcddfb0e44e05"},"imei":"windows","siteId":"cssite","toId":"lld"}
11:00:02.725 [org.springframework.amqp.rabbit.RabbitListenerEndpointContainer#0-1] INFO  c.h.i.s.m.p.MessageProducer - [sendMessage,46] - send message == {"appId":10000,"clientType":1,"command":1107,"data":{"toId":"2a4f53eb8f6d892a11ebcddfb0e44e05","serverSend":true,"messageSequence":0,"fromId":"lld"},"imei":"windows","siteId":"cssite","toId":"2a4f53eb8f6d892a11ebcddfb0e44e05"}
11:00:02.725 [org.springframework.amqp.rabbit.RabbitListenerEndpointContainer#0-1] INFO  c.h.i.s.m.s.P2PMessageService - [process,183] - 完成发消息给对方的在线端
11:00:02.725 [org.springframework.amqp.rabbit.RabbitListenerEndpointContainer#0-1] INFO  c.h.i.s.m.s.P2PMessageService - [process,195] - 消息处理完成：dxifwz7621692068402701
11:00:06.885 [org.springframework.amqp.rabbit.RabbitListenerEndpointContainer#0-1] INFO  c.h.i.s.m.ChatOperateReceiver - [onChatMessage,66] - IM服务发送给逻辑层的消息处理! queue：pipeline2MessageService,msg:{"toId":"2a4f53eb8f6d892a11ebcddfb0e44e05","conversationType":"0","clientType":1,"conversationId":"0_lld_2a4f53eb8f6d892a11ebcddfb0e44e05","appId":10000,"imei":"windows","siteId":"cssite","messageSequence":"1691034063634305024","fromId":"lld","command":1106}
11:00:06.886 [org.springframework.amqp.rabbit.RabbitListenerEndpointContainer#0-1] INFO  c.h.i.s.m.ChatOperateReceiver - [onChatMessage,89] - 已读消息处理
11:00:06.898 [org.springframework.amqp.rabbit.RabbitListenerEndpointContainer#0-1] INFO  c.h.i.s.m.p.MessageProducer - [sendMessage,46] - send message == {"appId":10000,"clientType":1,"command":1054,"data":{"conversationType":0,"toId":"2a4f53eb8f6d892a11ebcddfb0e44e05","conversationId":"0_lld_2a4f53eb8f6d892a11ebcddfb0e44e05","messageSequence":1691034063634305024,"fromId":"lld"},"imei":"windows","siteId":"cssite","toId":"2a4f53eb8f6d892a11ebcddfb0e44e05"}
11:03:16.037 [org.springframework.amqp.rabbit.RabbitListenerEndpointContainer#0-1] INFO  c.h.i.s.m.ChatOperateReceiver - [onChatMessage,66] - IM服务发送给逻辑层的消息处理! queue：pipeline2MessageService,msg:{"toId":"2a4f53eb8f6d892a11ebcddfb0e44e05","messageTime":1692068596000,"clientType":1,"messageRandom":8126,"messageBody":"{\"type\":1,\"content\":\"你在嘛老底\"}","appId":10000,"messageId":"qwh7ad5g91692068596013","siteId":"cssite","imei":"windows","fromId":"lld","command":1103}
11:03:16.037 [org.springframework.amqp.rabbit.RabbitListenerEndpointContainer#0-1] INFO  c.h.i.s.m.ChatOperateReceiver - [onChatMessage,74] - 单聊消息处理
11:03:16.037 [org.springframework.amqp.rabbit.RabbitListenerEndpointContainer#0-1] INFO  c.h.i.s.m.s.P2PMessageService - [process,79] - 消息开始处理：qwh7ad5g91692068596013
11:03:16.057 [org.springframework.amqp.rabbit.RabbitListenerEndpointContainer#0-1] INFO  c.h.i.s.m.s.P2PMessageService - [process,172] - 回ack 成功给自己
11:03:16.057 [org.springframework.amqp.rabbit.RabbitListenerEndpointContainer#0-1] INFO  c.h.i.s.m.s.P2PMessageService - [ack,209] - msg ack,msgId=qwh7ad5g91692068596013,checkResut200
11:03:16.058 [org.springframework.amqp.rabbit.RabbitListenerEndpointContainer#0-1] INFO  c.h.i.s.m.p.MessageProducer - [sendMessage,46] - send message == {"appId":10000,"clientType":1,"command":1046,"data":{"msg":"success","code":200,"data":{"messageId":"qwh7ad5g91692068596013","messageSequence":0},"ok":true},"imei":"windows","siteId":"cssite","toId":"lld"}
11:03:16.059 [org.springframework.amqp.rabbit.RabbitListenerEndpointContainer#0-1] INFO  c.h.i.s.m.s.P2PMessageService - [process,178] - 开始发消息给对方的在线端
11:03:16.059 [org.springframework.amqp.rabbit.RabbitListenerEndpointContainer#0-1] INFO  c.h.i.s.m.s.P2PMessageService - [process,179] - messageContent:MessageContent(messageId=qwh7ad5g91692068596013, fromId=lld, toId=2a4f53eb8f6d892a11ebcddfb0e44e05, messageBody={"type":1,"content":"你在嘛老底"}, messageTime=1692068596000, extra=null, messageKey=null, messageSequence=0)
11:03:16.060 [org.springframework.amqp.rabbit.RabbitListenerEndpointContainer#0-1] INFO  c.h.i.s.m.p.MessageProducer - [sendMessage,46] - send message == {"appId":10000,"clientType":1,"command":1103,"data":{"toId":"2a4f53eb8f6d892a11ebcddfb0e44e05","messageTime":1692068596000,"clientType":1,"messageBody":"{\"type\":1,\"content\":\"你在嘛老底\"}","appId":10000,"imei":"windows","messageId":"qwh7ad5g91692068596013","siteId":"cssite","messageSequence":0,"fromId":"lld"},"imei":"windows","siteId":"cssite","toId":"2a4f53eb8f6d892a11ebcddfb0e44e05"}
11:03:16.062 [org.springframework.amqp.rabbit.RabbitListenerEndpointContainer#0-1] INFO  c.h.i.s.m.p.MessageProducer - [sendMessage,46] - send message == {"appId":10000,"clientType":1,"command":1107,"data":{"toId":"lld","serverSend":true,"messageSequence":0,"fromId":"2a4f53eb8f6d892a11ebcddfb0e44e05"},"imei":"windows","siteId":"cssite","toId":"lld"}
11:03:16.063 [org.springframework.amqp.rabbit.RabbitListenerEndpointContainer#0-1] INFO  c.h.i.s.m.s.P2PMessageService - [process,183] - 完成发消息给对方的在线端
11:03:16.063 [org.springframework.amqp.rabbit.RabbitListenerEndpointContainer#0-1] INFO  c.h.i.s.m.s.P2PMessageService - [process,195] - 消息处理完成：qwh7ad5g91692068596013
11:03:37.016 [org.springframework.amqp.rabbit.RabbitListenerEndpointContainer#0-1] INFO  c.h.i.s.m.ChatOperateReceiver - [onChatMessage,66] - IM服务发送给逻辑层的消息处理! queue：pipeline2MessageService,msg:{"toId":"lld","messageTime":1692068617000,"clientType":1,"messageRandom":7292,"messageBody":"{\"type\":1,\"content\":\"360我在\"}","appId":10000,"messageId":"9jjq004fes1692068617013","siteId":"cssite","imei":"windows","fromId":"2a4f53eb8f6d892a11ebcddfb0e44e05","command":1103}
11:03:37.016 [org.springframework.amqp.rabbit.RabbitListenerEndpointContainer#0-1] INFO  c.h.i.s.m.ChatOperateReceiver - [onChatMessage,74] - 单聊消息处理
11:03:37.017 [org.springframework.amqp.rabbit.RabbitListenerEndpointContainer#0-1] INFO  c.h.i.s.m.s.P2PMessageService - [process,79] - 消息开始处理：9jjq004fes1692068617013
11:03:37.036 [org.springframework.amqp.rabbit.RabbitListenerEndpointContainer#0-1] INFO  c.h.i.s.m.s.P2PMessageService - [process,172] - 回ack 成功给自己
11:03:37.036 [org.springframework.amqp.rabbit.RabbitListenerEndpointContainer#0-1] INFO  c.h.i.s.m.s.P2PMessageService - [ack,209] - msg ack,msgId=9jjq004fes1692068617013,checkResut200
11:03:37.038 [org.springframework.amqp.rabbit.RabbitListenerEndpointContainer#0-1] INFO  c.h.i.s.m.p.MessageProducer - [sendMessage,46] - send message == {"appId":10000,"clientType":1,"command":1046,"data":{"msg":"success","code":200,"data":{"messageId":"9jjq004fes1692068617013","messageSequence":0},"ok":true},"imei":"windows","siteId":"cssite","toId":"2a4f53eb8f6d892a11ebcddfb0e44e05"}
11:03:37.038 [org.springframework.amqp.rabbit.RabbitListenerEndpointContainer#0-1] INFO  c.h.i.s.m.s.P2PMessageService - [process,178] - 开始发消息给对方的在线端
11:03:37.038 [org.springframework.amqp.rabbit.RabbitListenerEndpointContainer#0-1] INFO  c.h.i.s.m.s.P2PMessageService - [process,179] - messageContent:MessageContent(messageId=9jjq004fes1692068617013, fromId=2a4f53eb8f6d892a11ebcddfb0e44e05, toId=lld, messageBody={"type":1,"content":"360我在"}, messageTime=1692068617000, extra=null, messageKey=null, messageSequence=0)
11:03:37.040 [org.springframework.amqp.rabbit.RabbitListenerEndpointContainer#0-1] INFO  c.h.i.s.m.p.MessageProducer - [sendMessage,46] - send message == {"appId":10000,"clientType":1,"command":1103,"data":{"toId":"lld","messageTime":1692068617000,"clientType":1,"messageBody":"{\"type\":1,\"content\":\"360我在\"}","appId":10000,"imei":"windows","messageId":"9jjq004fes1692068617013","siteId":"cssite","messageSequence":0,"fromId":"2a4f53eb8f6d892a11ebcddfb0e44e05"},"imei":"windows","siteId":"cssite","toId":"lld"}
11:03:37.042 [org.springframework.amqp.rabbit.RabbitListenerEndpointContainer#0-1] INFO  c.h.i.s.m.p.MessageProducer - [sendMessage,46] - send message == {"appId":10000,"clientType":1,"command":1107,"data":{"toId":"2a4f53eb8f6d892a11ebcddfb0e44e05","serverSend":true,"messageSequence":0,"fromId":"lld"},"imei":"windows","siteId":"cssite","toId":"2a4f53eb8f6d892a11ebcddfb0e44e05"}
11:03:37.042 [org.springframework.amqp.rabbit.RabbitListenerEndpointContainer#0-1] INFO  c.h.i.s.m.s.P2PMessageService - [process,183] - 完成发消息给对方的在线端
11:03:37.042 [org.springframework.amqp.rabbit.RabbitListenerEndpointContainer#0-1] INFO  c.h.i.s.m.s.P2PMessageService - [process,195] - 消息处理完成：9jjq004fes1692068617013
11:03:39.835 [org.springframework.amqp.rabbit.RabbitListenerEndpointContainer#0-1] INFO  c.h.i.s.m.ChatOperateReceiver - [onChatMessage,66] - IM服务发送给逻辑层的消息处理! queue：pipeline2MessageService,msg:{"toId":"2a4f53eb8f6d892a11ebcddfb0e44e05","conversationType":"0","clientType":1,"conversationId":"0_lld_2a4f53eb8f6d892a11ebcddfb0e44e05","appId":10000,"imei":"windows","siteId":"cssite","messageSequence":"305697269022721","fromId":"lld","command":1106}
11:03:39.836 [org.springframework.amqp.rabbit.RabbitListenerEndpointContainer#0-1] INFO  c.h.i.s.m.ChatOperateReceiver - [onChatMessage,89] - 已读消息处理
11:03:39.839 [org.springframework.amqp.rabbit.RabbitListenerEndpointContainer#0-1] INFO  c.h.i.s.m.p.MessageProducer - [sendMessage,46] - send message == {"appId":10000,"clientType":1,"command":1054,"data":{"conversationType":0,"toId":"2a4f53eb8f6d892a11ebcddfb0e44e05","conversationId":"0_lld_2a4f53eb8f6d892a11ebcddfb0e44e05","messageSequence":305697269022721,"fromId":"lld"},"imei":"windows","siteId":"cssite","toId":"2a4f53eb8f6d892a11ebcddfb0e44e05"}
11:03:49.136 [org.springframework.amqp.rabbit.RabbitListenerEndpointContainer#0-1] INFO  c.h.i.s.m.ChatOperateReceiver - [onChatMessage,66] - IM服务发送给逻辑层的消息处理! queue：pipeline2MessageService,msg:{"toId":"lld","messageTime":1692068629000,"clientType":1,"messageRandom":7397,"messageBody":"{\"type\":1,\"content\":\"嘻嘻嘻\"}","appId":10000,"messageId":"agursjnmc1692068629133","siteId":"cssite","imei":"windows","fromId":"a1c9dd2eb3e95b37c98eb81379a365db","command":1103}
11:03:49.136 [org.springframework.amqp.rabbit.RabbitListenerEndpointContainer#0-1] INFO  c.h.i.s.m.ChatOperateReceiver - [onChatMessage,74] - 单聊消息处理
11:03:49.137 [org.springframework.amqp.rabbit.RabbitListenerEndpointContainer#0-1] INFO  c.h.i.s.m.s.P2PMessageService - [process,79] - 消息开始处理：agursjnmc1692068629133
11:03:49.149 [org.springframework.amqp.rabbit.RabbitListenerEndpointContainer#0-1] INFO  c.h.i.s.m.s.P2PMessageService - [process,172] - 回ack 成功给自己
11:03:49.149 [org.springframework.amqp.rabbit.RabbitListenerEndpointContainer#0-1] INFO  c.h.i.s.m.s.P2PMessageService - [ack,209] - msg ack,msgId=agursjnmc1692068629133,checkResut200
11:03:49.150 [org.springframework.amqp.rabbit.RabbitListenerEndpointContainer#0-1] INFO  c.h.i.s.m.p.MessageProducer - [sendMessage,46] - send message == {"appId":10000,"clientType":1,"command":1046,"data":{"msg":"success","code":200,"data":{"messageId":"agursjnmc1692068629133","messageSequence":0},"ok":true},"imei":"windows","siteId":"cssite","toId":"a1c9dd2eb3e95b37c98eb81379a365db"}
11:03:49.150 [org.springframework.amqp.rabbit.RabbitListenerEndpointContainer#0-1] INFO  c.h.i.s.m.s.P2PMessageService - [process,178] - 开始发消息给对方的在线端
11:03:49.150 [org.springframework.amqp.rabbit.RabbitListenerEndpointContainer#0-1] INFO  c.h.i.s.m.s.P2PMessageService - [process,179] - messageContent:MessageContent(messageId=agursjnmc1692068629133, fromId=a1c9dd2eb3e95b37c98eb81379a365db, toId=lld, messageBody={"type":1,"content":"嘻嘻嘻"}, messageTime=1692068629000, extra=null, messageKey=null, messageSequence=0)
11:03:49.152 [org.springframework.amqp.rabbit.RabbitListenerEndpointContainer#0-1] INFO  c.h.i.s.m.p.MessageProducer - [sendMessage,46] - send message == {"appId":10000,"clientType":1,"command":1103,"data":{"toId":"lld","messageTime":1692068629000,"clientType":1,"messageBody":"{\"type\":1,\"content\":\"嘻嘻嘻\"}","appId":10000,"imei":"windows","messageId":"agursjnmc1692068629133","siteId":"cssite","messageSequence":0,"fromId":"a1c9dd2eb3e95b37c98eb81379a365db"},"imei":"windows","siteId":"cssite","toId":"lld"}
11:03:49.153 [org.springframework.amqp.rabbit.RabbitListenerEndpointContainer#0-1] INFO  c.h.i.s.m.p.MessageProducer - [sendMessage,46] - send message == {"appId":10000,"clientType":1,"command":1107,"data":{"toId":"a1c9dd2eb3e95b37c98eb81379a365db","serverSend":true,"messageSequence":0,"fromId":"lld"},"imei":"windows","siteId":"cssite","toId":"a1c9dd2eb3e95b37c98eb81379a365db"}
11:03:49.153 [org.springframework.amqp.rabbit.RabbitListenerEndpointContainer#0-1] INFO  c.h.i.s.m.s.P2PMessageService - [process,183] - 完成发消息给对方的在线端
11:03:49.153 [org.springframework.amqp.rabbit.RabbitListenerEndpointContainer#0-1] INFO  c.h.i.s.m.s.P2PMessageService - [process,195] - 消息处理完成：agursjnmc1692068629133
11:04:11.912 [org.springframework.amqp.rabbit.RabbitListenerEndpointContainer#0-1] INFO  c.h.i.s.m.ChatOperateReceiver - [onChatMessage,66] - IM服务发送给逻辑层的消息处理! queue：pipeline2MessageService,msg:{"toId":"lld","messageTime":1692068651000,"clientType":1,"messageRandom":6834,"messageBody":"{\"type\":1,\"content\":\"嘻嘻嘻11\"}","appId":10000,"messageId":"dqclipusr1692068651909","siteId":"cssite","imei":"windows","fromId":"a1c9dd2eb3e95b37c98eb81379a365db","command":1103}
11:04:11.912 [org.springframework.amqp.rabbit.RabbitListenerEndpointContainer#0-1] INFO  c.h.i.s.m.ChatOperateReceiver - [onChatMessage,74] - 单聊消息处理
11:04:11.912 [org.springframework.amqp.rabbit.RabbitListenerEndpointContainer#0-1] INFO  c.h.i.s.m.s.P2PMessageService - [process,79] - 消息开始处理：dqclipusr1692068651909
11:04:11.927 [org.springframework.amqp.rabbit.RabbitListenerEndpointContainer#0-1] INFO  c.h.i.s.m.s.P2PMessageService - [process,172] - 回ack 成功给自己
11:04:11.927 [org.springframework.amqp.rabbit.RabbitListenerEndpointContainer#0-1] INFO  c.h.i.s.m.s.P2PMessageService - [ack,209] - msg ack,msgId=dqclipusr1692068651909,checkResut200
11:04:11.929 [org.springframework.amqp.rabbit.RabbitListenerEndpointContainer#0-1] INFO  c.h.i.s.m.p.MessageProducer - [sendMessage,46] - send message == {"appId":10000,"clientType":1,"command":1046,"data":{"msg":"success","code":200,"data":{"messageId":"dqclipusr1692068651909","messageSequence":0},"ok":true},"imei":"windows","siteId":"cssite","toId":"a1c9dd2eb3e95b37c98eb81379a365db"}
11:04:11.929 [org.springframework.amqp.rabbit.RabbitListenerEndpointContainer#0-1] INFO  c.h.i.s.m.s.P2PMessageService - [process,178] - 开始发消息给对方的在线端
11:04:11.929 [org.springframework.amqp.rabbit.RabbitListenerEndpointContainer#0-1] INFO  c.h.i.s.m.s.P2PMessageService - [process,179] - messageContent:MessageContent(messageId=dqclipusr1692068651909, fromId=a1c9dd2eb3e95b37c98eb81379a365db, toId=lld, messageBody={"type":1,"content":"嘻嘻嘻11"}, messageTime=1692068651000, extra=null, messageKey=null, messageSequence=0)
11:04:11.931 [org.springframework.amqp.rabbit.RabbitListenerEndpointContainer#0-1] INFO  c.h.i.s.m.p.MessageProducer - [sendMessage,46] - send message == {"appId":10000,"clientType":1,"command":1103,"data":{"toId":"lld","messageTime":1692068651000,"clientType":1,"messageBody":"{\"type\":1,\"content\":\"嘻嘻嘻11\"}","appId":10000,"imei":"windows","messageId":"dqclipusr1692068651909","siteId":"cssite","messageSequence":0,"fromId":"a1c9dd2eb3e95b37c98eb81379a365db"},"imei":"windows","siteId":"cssite","toId":"lld"}
11:04:11.932 [org.springframework.amqp.rabbit.RabbitListenerEndpointContainer#0-1] INFO  c.h.i.s.m.p.MessageProducer - [sendMessage,46] - send message == {"appId":10000,"clientType":1,"command":1107,"data":{"toId":"a1c9dd2eb3e95b37c98eb81379a365db","serverSend":true,"messageSequence":0,"fromId":"lld"},"imei":"windows","siteId":"cssite","toId":"a1c9dd2eb3e95b37c98eb81379a365db"}
11:04:11.932 [org.springframework.amqp.rabbit.RabbitListenerEndpointContainer#0-1] INFO  c.h.i.s.m.s.P2PMessageService - [process,183] - 完成发消息给对方的在线端
11:04:11.932 [org.springframework.amqp.rabbit.RabbitListenerEndpointContainer#0-1] INFO  c.h.i.s.m.s.P2PMessageService - [process,195] - 消息处理完成：dqclipusr1692068651909
11:04:34.304 [org.springframework.amqp.rabbit.RabbitListenerEndpointContainer#0-1] INFO  c.h.i.s.m.ChatOperateReceiver - [onChatMessage,66] - IM服务发送给逻辑层的消息处理! queue：pipeline2MessageService,msg:{"toId":"lld","messageTime":1692068674000,"clientType":1,"messageRandom":6548,"messageBody":"{\"type\":1,\"content\":\"嘻嘻嘻11\"}","appId":10000,"messageId":"rsxk3mos3u1692068674301","siteId":"cssite","imei":"windows","fromId":"a1c9dd2eb3e95b37c98eb81379a365db","command":1103}
11:04:34.304 [org.springframework.amqp.rabbit.RabbitListenerEndpointContainer#0-1] INFO  c.h.i.s.m.ChatOperateReceiver - [onChatMessage,74] - 单聊消息处理
11:04:34.304 [org.springframework.amqp.rabbit.RabbitListenerEndpointContainer#0-1] INFO  c.h.i.s.m.s.P2PMessageService - [process,79] - 消息开始处理：rsxk3mos3u1692068674301
11:04:34.320 [org.springframework.amqp.rabbit.RabbitListenerEndpointContainer#0-1] INFO  c.h.i.s.m.s.P2PMessageService - [process,172] - 回ack 成功给自己
11:04:34.320 [org.springframework.amqp.rabbit.RabbitListenerEndpointContainer#0-1] INFO  c.h.i.s.m.s.P2PMessageService - [ack,209] - msg ack,msgId=rsxk3mos3u1692068674301,checkResut200
11:04:34.321 [org.springframework.amqp.rabbit.RabbitListenerEndpointContainer#0-1] INFO  c.h.i.s.m.p.MessageProducer - [sendMessage,46] - send message == {"appId":10000,"clientType":1,"command":1046,"data":{"msg":"success","code":200,"data":{"messageId":"rsxk3mos3u1692068674301","messageSequence":0},"ok":true},"imei":"windows","siteId":"cssite","toId":"a1c9dd2eb3e95b37c98eb81379a365db"}
11:04:34.322 [org.springframework.amqp.rabbit.RabbitListenerEndpointContainer#0-1] INFO  c.h.i.s.m.s.P2PMessageService - [process,178] - 开始发消息给对方的在线端
11:04:34.322 [org.springframework.amqp.rabbit.RabbitListenerEndpointContainer#0-1] INFO  c.h.i.s.m.s.P2PMessageService - [process,179] - messageContent:MessageContent(messageId=rsxk3mos3u1692068674301, fromId=a1c9dd2eb3e95b37c98eb81379a365db, toId=lld, messageBody={"type":1,"content":"嘻嘻嘻11"}, messageTime=1692068674000, extra=null, messageKey=null, messageSequence=0)
11:04:34.323 [org.springframework.amqp.rabbit.RabbitListenerEndpointContainer#0-1] INFO  c.h.i.s.m.p.MessageProducer - [sendMessage,46] - send message == {"appId":10000,"clientType":1,"command":1103,"data":{"toId":"lld","messageTime":1692068674000,"clientType":1,"messageBody":"{\"type\":1,\"content\":\"嘻嘻嘻11\"}","appId":10000,"imei":"windows","messageId":"rsxk3mos3u1692068674301","siteId":"cssite","messageSequence":0,"fromId":"a1c9dd2eb3e95b37c98eb81379a365db"},"imei":"windows","siteId":"cssite","toId":"lld"}
11:04:34.323 [org.springframework.amqp.rabbit.RabbitListenerEndpointContainer#0-1] INFO  c.h.i.s.m.p.MessageProducer - [sendMessage,46] - send message == {"appId":10000,"clientType":1,"command":1107,"data":{"toId":"a1c9dd2eb3e95b37c98eb81379a365db","serverSend":true,"messageSequence":0,"fromId":"lld"},"imei":"windows","siteId":"cssite","toId":"a1c9dd2eb3e95b37c98eb81379a365db"}
11:04:34.325 [org.springframework.amqp.rabbit.RabbitListenerEndpointContainer#0-1] INFO  c.h.i.s.m.s.P2PMessageService - [process,183] - 完成发消息给对方的在线端
11:04:34.325 [org.springframework.amqp.rabbit.RabbitListenerEndpointContainer#0-1] INFO  c.h.i.s.m.s.P2PMessageService - [process,195] - 消息处理完成：rsxk3mos3u1692068674301
11:05:45.063 [org.springframework.amqp.rabbit.RabbitListenerEndpointContainer#0-1] INFO  c.h.i.s.m.ChatOperateReceiver - [onChatMessage,66] - IM服务发送给逻辑层的消息处理! queue：pipeline2MessageService,msg:{"toId":"2a4f53eb8f6d892a11ebcddfb0e44e05","conversationType":"0","clientType":1,"conversationId":"0_lld_2a4f53eb8f6d892a11ebcddfb0e44e05","appId":10000,"imei":"windows","siteId":"cssite","messageSequence":"305697269022721","fromId":"lld","command":1106}
11:05:45.063 [org.springframework.amqp.rabbit.RabbitListenerEndpointContainer#0-1] INFO  c.h.i.s.m.ChatOperateReceiver - [onChatMessage,89] - 已读消息处理
11:05:45.067 [org.springframework.amqp.rabbit.RabbitListenerEndpointContainer#0-1] INFO  c.h.i.s.m.p.MessageProducer - [sendMessage,46] - send message == {"appId":10000,"clientType":1,"command":1054,"data":{"conversationType":0,"toId":"2a4f53eb8f6d892a11ebcddfb0e44e05","conversationId":"0_lld_2a4f53eb8f6d892a11ebcddfb0e44e05","messageSequence":305697269022721,"fromId":"lld"},"imei":"windows","siteId":"cssite","toId":"2a4f53eb8f6d892a11ebcddfb0e44e05"}
11:05:46.116 [org.springframework.amqp.rabbit.RabbitListenerEndpointContainer#0-1] INFO  c.h.i.s.m.ChatOperateReceiver - [onChatMessage,66] - IM服务发送给逻辑层的消息处理! queue：pipeline2MessageService,msg:{"toId":"a1c9dd2eb3e95b37c98eb81379a365db","conversationType":"0","clientType":1,"conversationId":"0_lld_a1c9dd2eb3e95b37c98eb81379a365db","appId":10000,"imei":"windows","siteId":"cssite","messageSequence":"305697388560385","fromId":"lld","command":1106}
11:05:46.117 [org.springframework.amqp.rabbit.RabbitListenerEndpointContainer#0-1] INFO  c.h.i.s.m.ChatOperateReceiver - [onChatMessage,89] - 已读消息处理
11:05:46.118 [org.springframework.amqp.rabbit.RabbitListenerEndpointContainer#0-1] INFO  c.h.i.s.m.p.MessageProducer - [sendMessage,46] - send message == {"appId":10000,"clientType":1,"command":1054,"data":{"conversationType":0,"toId":"a1c9dd2eb3e95b37c98eb81379a365db","conversationId":"0_lld_a1c9dd2eb3e95b37c98eb81379a365db","messageSequence":305697388560385,"fromId":"lld"},"imei":"windows","siteId":"cssite","toId":"a1c9dd2eb3e95b37c98eb81379a365db"}
11:05:50.999 [org.springframework.amqp.rabbit.RabbitListenerEndpointContainer#0-1] INFO  c.h.i.s.m.ChatOperateReceiver - [onChatMessage,66] - IM服务发送给逻辑层的消息处理! queue：pipeline2MessageService,msg:{"toId":"lld","messageTime":1692068750000,"clientType":1,"messageRandom":2704,"messageBody":"{\"type\":1,\"content\":\"360我在1\"}","appId":10000,"messageId":"1fc8qeva5q1692068750996","siteId":"cssite","imei":"windows","fromId":"2a4f53eb8f6d892a11ebcddfb0e44e05","command":1103}
11:05:50.999 [org.springframework.amqp.rabbit.RabbitListenerEndpointContainer#0-1] INFO  c.h.i.s.m.ChatOperateReceiver - [onChatMessage,74] - 单聊消息处理
11:05:51.000 [org.springframework.amqp.rabbit.RabbitListenerEndpointContainer#0-1] INFO  c.h.i.s.m.s.P2PMessageService - [process,79] - 消息开始处理：1fc8qeva5q1692068750996
11:05:51.015 [org.springframework.amqp.rabbit.RabbitListenerEndpointContainer#0-1] INFO  c.h.i.s.m.s.P2PMessageService - [process,172] - 回ack 成功给自己
11:05:51.015 [org.springframework.amqp.rabbit.RabbitListenerEndpointContainer#0-1] INFO  c.h.i.s.m.s.P2PMessageService - [ack,209] - msg ack,msgId=1fc8qeva5q1692068750996,checkResut200
11:05:51.017 [org.springframework.amqp.rabbit.RabbitListenerEndpointContainer#0-1] INFO  c.h.i.s.m.p.MessageProducer - [sendMessage,46] - send message == {"appId":10000,"clientType":1,"command":1046,"data":{"msg":"success","code":200,"data":{"messageId":"1fc8qeva5q1692068750996","messageSequence":0},"ok":true},"imei":"windows","siteId":"cssite","toId":"2a4f53eb8f6d892a11ebcddfb0e44e05"}
11:05:51.017 [org.springframework.amqp.rabbit.RabbitListenerEndpointContainer#0-1] INFO  c.h.i.s.m.s.P2PMessageService - [process,178] - 开始发消息给对方的在线端
11:05:51.017 [org.springframework.amqp.rabbit.RabbitListenerEndpointContainer#0-1] INFO  c.h.i.s.m.s.P2PMessageService - [process,179] - messageContent:MessageContent(messageId=1fc8qeva5q1692068750996, fromId=2a4f53eb8f6d892a11ebcddfb0e44e05, toId=lld, messageBody={"type":1,"content":"360我在1"}, messageTime=1692068750000, extra=null, messageKey=null, messageSequence=0)
11:05:51.018 [org.springframework.amqp.rabbit.RabbitListenerEndpointContainer#0-1] INFO  c.h.i.s.m.p.MessageProducer - [sendMessage,46] - send message == {"appId":10000,"clientType":1,"command":1103,"data":{"toId":"lld","messageTime":1692068750000,"clientType":1,"messageBody":"{\"type\":1,\"content\":\"360我在1\"}","appId":10000,"imei":"windows","messageId":"1fc8qeva5q1692068750996","siteId":"cssite","messageSequence":0,"fromId":"2a4f53eb8f6d892a11ebcddfb0e44e05"},"imei":"windows","siteId":"cssite","toId":"lld"}
11:05:51.019 [org.springframework.amqp.rabbit.RabbitListenerEndpointContainer#0-1] INFO  c.h.i.s.m.p.MessageProducer - [sendMessage,46] - send message == {"appId":10000,"clientType":1,"command":1107,"data":{"toId":"2a4f53eb8f6d892a11ebcddfb0e44e05","serverSend":true,"messageSequence":0,"fromId":"lld"},"imei":"windows","siteId":"cssite","toId":"2a4f53eb8f6d892a11ebcddfb0e44e05"}
11:05:51.020 [org.springframework.amqp.rabbit.RabbitListenerEndpointContainer#0-1] INFO  c.h.i.s.m.s.P2PMessageService - [process,183] - 完成发消息给对方的在线端
11:05:51.020 [org.springframework.amqp.rabbit.RabbitListenerEndpointContainer#0-1] INFO  c.h.i.s.m.s.P2PMessageService - [process,195] - 消息处理完成：1fc8qeva5q1692068750996
11:05:55.133 [org.springframework.amqp.rabbit.RabbitListenerEndpointContainer#0-1] INFO  c.h.i.s.m.ChatOperateReceiver - [onChatMessage,66] - IM服务发送给逻辑层的消息处理! queue：pipeline2MessageService,msg:{"toId":"2a4f53eb8f6d892a11ebcddfb0e44e05","conversationType":"0","clientType":1,"conversationId":"0_lld_2a4f53eb8f6d892a11ebcddfb0e44e05","appId":10000,"imei":"windows","siteId":"cssite","messageSequence":"305697550041089","fromId":"lld","command":1106}
11:05:55.133 [org.springframework.amqp.rabbit.RabbitListenerEndpointContainer#0-1] INFO  c.h.i.s.m.ChatOperateReceiver - [onChatMessage,89] - 已读消息处理
11:05:55.136 [org.springframework.amqp.rabbit.RabbitListenerEndpointContainer#0-1] INFO  c.h.i.s.m.p.MessageProducer - [sendMessage,46] - send message == {"appId":10000,"clientType":1,"command":1054,"data":{"conversationType":0,"toId":"2a4f53eb8f6d892a11ebcddfb0e44e05","conversationId":"0_lld_2a4f53eb8f6d892a11ebcddfb0e44e05","messageSequence":305697550041089,"fromId":"lld"},"imei":"windows","siteId":"cssite","toId":"2a4f53eb8f6d892a11ebcddfb0e44e05"}
11:06:00.120 [org.springframework.amqp.rabbit.RabbitListenerEndpointContainer#0-1] INFO  c.h.i.s.m.ChatOperateReceiver - [onChatMessage,66] - IM服务发送给逻辑层的消息处理! queue：pipeline2MessageService,msg:{"toId":"lld","messageTime":1692068760000,"clientType":1,"messageRandom":8160,"messageBody":"{\"type\":1,\"content\":\"嘻嘻嘻11111\"}","appId":10000,"messageId":"sk4z11dk41692068760117","siteId":"cssite","imei":"windows","fromId":"a1c9dd2eb3e95b37c98eb81379a365db","command":1103}
11:06:00.120 [org.springframework.amqp.rabbit.RabbitListenerEndpointContainer#0-1] INFO  c.h.i.s.m.ChatOperateReceiver - [onChatMessage,74] - 单聊消息处理
11:06:00.121 [org.springframework.amqp.rabbit.RabbitListenerEndpointContainer#0-1] INFO  c.h.i.s.m.s.P2PMessageService - [process,79] - 消息开始处理：sk4z11dk41692068760117
11:06:00.132 [org.springframework.amqp.rabbit.RabbitListenerEndpointContainer#0-1] INFO  c.h.i.s.m.s.P2PMessageService - [process,172] - 回ack 成功给自己
11:06:00.132 [org.springframework.amqp.rabbit.RabbitListenerEndpointContainer#0-1] INFO  c.h.i.s.m.s.P2PMessageService - [ack,209] - msg ack,msgId=sk4z11dk41692068760117,checkResut200
11:06:00.133 [org.springframework.amqp.rabbit.RabbitListenerEndpointContainer#0-1] INFO  c.h.i.s.m.p.MessageProducer - [sendMessage,46] - send message == {"appId":10000,"clientType":1,"command":1046,"data":{"msg":"success","code":200,"data":{"messageId":"sk4z11dk41692068760117","messageSequence":0},"ok":true},"imei":"windows","siteId":"cssite","toId":"a1c9dd2eb3e95b37c98eb81379a365db"}
11:06:00.133 [org.springframework.amqp.rabbit.RabbitListenerEndpointContainer#0-1] INFO  c.h.i.s.m.s.P2PMessageService - [process,178] - 开始发消息给对方的在线端
11:06:00.134 [org.springframework.amqp.rabbit.RabbitListenerEndpointContainer#0-1] INFO  c.h.i.s.m.s.P2PMessageService - [process,179] - messageContent:MessageContent(messageId=sk4z11dk41692068760117, fromId=a1c9dd2eb3e95b37c98eb81379a365db, toId=lld, messageBody={"type":1,"content":"嘻嘻嘻11111"}, messageTime=1692068760000, extra=null, messageKey=null, messageSequence=0)
11:06:00.134 [org.springframework.amqp.rabbit.RabbitListenerEndpointContainer#0-1] INFO  c.h.i.s.m.p.MessageProducer - [sendMessage,46] - send message == {"appId":10000,"clientType":1,"command":1103,"data":{"toId":"lld","messageTime":1692068760000,"clientType":1,"messageBody":"{\"type\":1,\"content\":\"嘻嘻嘻11111\"}","appId":10000,"imei":"windows","messageId":"sk4z11dk41692068760117","siteId":"cssite","messageSequence":0,"fromId":"a1c9dd2eb3e95b37c98eb81379a365db"},"imei":"windows","siteId":"cssite","toId":"lld"}
11:06:00.136 [org.springframework.amqp.rabbit.RabbitListenerEndpointContainer#0-1] INFO  c.h.i.s.m.p.MessageProducer - [sendMessage,46] - send message == {"appId":10000,"clientType":1,"command":1107,"data":{"toId":"a1c9dd2eb3e95b37c98eb81379a365db","serverSend":true,"messageSequence":0,"fromId":"lld"},"imei":"windows","siteId":"cssite","toId":"a1c9dd2eb3e95b37c98eb81379a365db"}
11:06:00.136 [org.springframework.amqp.rabbit.RabbitListenerEndpointContainer#0-1] INFO  c.h.i.s.m.s.P2PMessageService - [process,183] - 完成发消息给对方的在线端
11:06:00.136 [org.springframework.amqp.rabbit.RabbitListenerEndpointContainer#0-1] INFO  c.h.i.s.m.s.P2PMessageService - [process,195] - 消息处理完成：sk4z11dk41692068760117
11:06:02.508 [org.springframework.amqp.rabbit.RabbitListenerEndpointContainer#0-1] INFO  c.h.i.s.m.ChatOperateReceiver - [onChatMessage,66] - IM服务发送给逻辑层的消息处理! queue：pipeline2MessageService,msg:{"toId":"a1c9dd2eb3e95b37c98eb81379a365db","conversationType":"0","clientType":1,"conversationId":"0_lld_a1c9dd2eb3e95b37c98eb81379a365db","appId":10000,"imei":"windows","siteId":"cssite","messageSequence":"305697568915457","fromId":"lld","command":1106}
11:06:02.508 [org.springframework.amqp.rabbit.RabbitListenerEndpointContainer#0-1] INFO  c.h.i.s.m.ChatOperateReceiver - [onChatMessage,89] - 已读消息处理
11:06:02.510 [org.springframework.amqp.rabbit.RabbitListenerEndpointContainer#0-1] INFO  c.h.i.s.m.p.MessageProducer - [sendMessage,46] - send message == {"appId":10000,"clientType":1,"command":1054,"data":{"conversationType":0,"toId":"a1c9dd2eb3e95b37c98eb81379a365db","conversationId":"0_lld_a1c9dd2eb3e95b37c98eb81379a365db","messageSequence":305697568915457,"fromId":"lld"},"imei":"windows","siteId":"cssite","toId":"a1c9dd2eb3e95b37c98eb81379a365db"}
11:13:08.783 [org.springframework.amqp.rabbit.RabbitListenerEndpointContainer#0-1] INFO  c.h.i.s.m.ChatOperateReceiver - [onChatMessage,66] - IM服务发送给逻辑层的消息处理! queue：pipeline2MessageService,msg:{"toId":"lld","messageTime":1692069188000,"clientType":1,"messageRandom":3203,"messageBody":"{\"type\":1,\"content\":\"txt\"}","appId":10000,"messageId":"ef8fu3cp4w1692069188781","siteId":"cssite","imei":"windows","fromId":"a1c9dd2eb3e95b37c98eb81379a365db","command":1103}
11:13:08.783 [org.springframework.amqp.rabbit.RabbitListenerEndpointContainer#0-1] INFO  c.h.i.s.m.ChatOperateReceiver - [onChatMessage,74] - 单聊消息处理
11:13:08.783 [org.springframework.amqp.rabbit.RabbitListenerEndpointContainer#0-1] INFO  c.h.i.s.m.s.P2PMessageService - [process,79] - 消息开始处理：ef8fu3cp4w1692069188781
11:13:08.824 [org.springframework.amqp.rabbit.RabbitListenerEndpointContainer#0-1] INFO  c.h.i.s.m.s.P2PMessageService - [process,172] - 回ack 成功给自己
11:13:08.824 [org.springframework.amqp.rabbit.RabbitListenerEndpointContainer#0-1] INFO  c.h.i.s.m.s.P2PMessageService - [ack,209] - msg ack,msgId=ef8fu3cp4w1692069188781,checkResut200
11:13:08.826 [org.springframework.amqp.rabbit.RabbitListenerEndpointContainer#0-1] INFO  c.h.i.s.m.p.MessageProducer - [sendMessage,46] - send message == {"appId":10000,"clientType":1,"command":1046,"data":{"msg":"success","code":200,"data":{"messageId":"ef8fu3cp4w1692069188781","messageSequence":0},"ok":true},"imei":"windows","siteId":"cssite","toId":"a1c9dd2eb3e95b37c98eb81379a365db"}
11:13:08.826 [org.springframework.amqp.rabbit.RabbitListenerEndpointContainer#0-1] INFO  c.h.i.s.m.s.P2PMessageService - [process,178] - 开始发消息给对方的在线端
11:13:08.826 [org.springframework.amqp.rabbit.RabbitListenerEndpointContainer#0-1] INFO  c.h.i.s.m.s.P2PMessageService - [process,179] - messageContent:MessageContent(messageId=ef8fu3cp4w1692069188781, fromId=a1c9dd2eb3e95b37c98eb81379a365db, toId=lld, messageBody={"type":1,"content":"txt"}, messageTime=1692069188000, extra=null, messageKey=null, messageSequence=0)
11:13:08.828 [org.springframework.amqp.rabbit.RabbitListenerEndpointContainer#0-1] INFO  c.h.i.s.m.p.MessageProducer - [sendMessage,46] - send message == {"appId":10000,"clientType":1,"command":1103,"data":{"toId":"lld","messageTime":1692069188000,"clientType":1,"messageBody":"{\"type\":1,\"content\":\"txt\"}","appId":10000,"imei":"windows","messageId":"ef8fu3cp4w1692069188781","siteId":"cssite","messageSequence":0,"fromId":"a1c9dd2eb3e95b37c98eb81379a365db"},"imei":"windows","siteId":"cssite","toId":"lld"}
11:13:08.830 [org.springframework.amqp.rabbit.RabbitListenerEndpointContainer#0-1] INFO  c.h.i.s.m.p.MessageProducer - [sendMessage,46] - send message == {"appId":10000,"clientType":1,"command":1107,"data":{"toId":"a1c9dd2eb3e95b37c98eb81379a365db","serverSend":true,"messageSequence":0,"fromId":"lld"},"imei":"windows","siteId":"cssite","toId":"a1c9dd2eb3e95b37c98eb81379a365db"}
11:13:08.830 [org.springframework.amqp.rabbit.RabbitListenerEndpointContainer#0-1] INFO  c.h.i.s.m.s.P2PMessageService - [process,183] - 完成发消息给对方的在线端
11:13:08.830 [org.springframework.amqp.rabbit.RabbitListenerEndpointContainer#0-1] INFO  c.h.i.s.m.s.P2PMessageService - [process,195] - 消息处理完成：ef8fu3cp4w1692069188781
11:13:12.200 [org.springframework.amqp.rabbit.RabbitListenerEndpointContainer#0-1] INFO  c.h.i.s.m.ChatOperateReceiver - [onChatMessage,66] - IM服务发送给逻辑层的消息处理! queue：pipeline2MessageService,msg:{"toId":"lld","messageTime":1692069192000,"clientType":1,"messageRandom":9448,"messageBody":"{\"type\":1,\"content\":\"txt\"}","appId":10000,"messageId":"skpnwy2t4q1692069192197","siteId":"cssite","imei":"windows","fromId":"2a4f53eb8f6d892a11ebcddfb0e44e05","command":1103}
11:13:12.200 [org.springframework.amqp.rabbit.RabbitListenerEndpointContainer#0-1] INFO  c.h.i.s.m.ChatOperateReceiver - [onChatMessage,74] - 单聊消息处理
11:13:12.200 [org.springframework.amqp.rabbit.RabbitListenerEndpointContainer#0-1] INFO  c.h.i.s.m.s.P2PMessageService - [process,79] - 消息开始处理：skpnwy2t4q1692069192197
11:13:12.224 [org.springframework.amqp.rabbit.RabbitListenerEndpointContainer#0-1] INFO  c.h.i.s.m.s.P2PMessageService - [process,172] - 回ack 成功给自己
11:13:12.224 [org.springframework.amqp.rabbit.RabbitListenerEndpointContainer#0-1] INFO  c.h.i.s.m.s.P2PMessageService - [ack,209] - msg ack,msgId=skpnwy2t4q1692069192197,checkResut200
11:13:12.225 [org.springframework.amqp.rabbit.RabbitListenerEndpointContainer#0-1] INFO  c.h.i.s.m.p.MessageProducer - [sendMessage,46] - send message == {"appId":10000,"clientType":1,"command":1046,"data":{"msg":"success","code":200,"data":{"messageId":"skpnwy2t4q1692069192197","messageSequence":0},"ok":true},"imei":"windows","siteId":"cssite","toId":"2a4f53eb8f6d892a11ebcddfb0e44e05"}
11:13:12.226 [org.springframework.amqp.rabbit.RabbitListenerEndpointContainer#0-1] INFO  c.h.i.s.m.s.P2PMessageService - [process,178] - 开始发消息给对方的在线端
11:13:12.226 [org.springframework.amqp.rabbit.RabbitListenerEndpointContainer#0-1] INFO  c.h.i.s.m.s.P2PMessageService - [process,179] - messageContent:MessageContent(messageId=skpnwy2t4q1692069192197, fromId=2a4f53eb8f6d892a11ebcddfb0e44e05, toId=lld, messageBody={"type":1,"content":"txt"}, messageTime=1692069192000, extra=null, messageKey=null, messageSequence=0)
11:13:12.228 [org.springframework.amqp.rabbit.RabbitListenerEndpointContainer#0-1] INFO  c.h.i.s.m.p.MessageProducer - [sendMessage,46] - send message == {"appId":10000,"clientType":1,"command":1103,"data":{"toId":"lld","messageTime":1692069192000,"clientType":1,"messageBody":"{\"type\":1,\"content\":\"txt\"}","appId":10000,"imei":"windows","messageId":"skpnwy2t4q1692069192197","siteId":"cssite","messageSequence":0,"fromId":"2a4f53eb8f6d892a11ebcddfb0e44e05"},"imei":"windows","siteId":"cssite","toId":"lld"}
11:13:12.230 [org.springframework.amqp.rabbit.RabbitListenerEndpointContainer#0-1] INFO  c.h.i.s.m.p.MessageProducer - [sendMessage,46] - send message == {"appId":10000,"clientType":1,"command":1107,"data":{"toId":"2a4f53eb8f6d892a11ebcddfb0e44e05","serverSend":true,"messageSequence":0,"fromId":"lld"},"imei":"windows","siteId":"cssite","toId":"2a4f53eb8f6d892a11ebcddfb0e44e05"}
11:13:12.231 [org.springframework.amqp.rabbit.RabbitListenerEndpointContainer#0-1] INFO  c.h.i.s.m.s.P2PMessageService - [process,183] - 完成发消息给对方的在线端
11:13:12.231 [org.springframework.amqp.rabbit.RabbitListenerEndpointContainer#0-1] INFO  c.h.i.s.m.s.P2PMessageService - [process,195] - 消息处理完成：skpnwy2t4q1692069192197
11:19:43.999 [org.springframework.amqp.rabbit.RabbitListenerEndpointContainer#0-1] INFO  c.h.i.s.m.ChatOperateReceiver - [onChatMessage,66] - IM服务发送给逻辑层的消息处理! queue：pipeline2MessageService,msg:{"toId":"lld","messageTime":1692069583000,"clientType":1,"messageRandom":729,"messageBody":"{\"type\":1,\"content\":\"txt\"}","appId":10000,"messageId":"o6ibeptuk1692069583996","siteId":"cssite","imei":"windows","fromId":"a1c9dd2eb3e95b37c98eb81379a365db","command":1103}
11:19:43.999 [org.springframework.amqp.rabbit.RabbitListenerEndpointContainer#0-1] INFO  c.h.i.s.m.ChatOperateReceiver - [onChatMessage,74] - 单聊消息处理
11:19:43.999 [org.springframework.amqp.rabbit.RabbitListenerEndpointContainer#0-1] INFO  c.h.i.s.m.s.P2PMessageService - [process,79] - 消息开始处理：o6ibeptuk1692069583996
11:19:44.020 [org.springframework.amqp.rabbit.RabbitListenerEndpointContainer#0-1] INFO  c.h.i.s.m.s.P2PMessageService - [process,172] - 回ack 成功给自己
11:19:44.021 [org.springframework.amqp.rabbit.RabbitListenerEndpointContainer#0-1] INFO  c.h.i.s.m.s.P2PMessageService - [ack,209] - msg ack,msgId=o6ibeptuk1692069583996,checkResut200
11:19:44.022 [org.springframework.amqp.rabbit.RabbitListenerEndpointContainer#0-1] INFO  c.h.i.s.m.p.MessageProducer - [sendMessage,46] - send message == {"appId":10000,"clientType":1,"command":1046,"data":{"msg":"success","code":200,"data":{"messageId":"o6ibeptuk1692069583996","messageSequence":0},"ok":true},"imei":"windows","siteId":"cssite","toId":"a1c9dd2eb3e95b37c98eb81379a365db"}
11:19:44.023 [org.springframework.amqp.rabbit.RabbitListenerEndpointContainer#0-1] INFO  c.h.i.s.m.s.P2PMessageService - [process,178] - 开始发消息给对方的在线端
11:19:44.023 [org.springframework.amqp.rabbit.RabbitListenerEndpointContainer#0-1] INFO  c.h.i.s.m.s.P2PMessageService - [process,179] - messageContent:MessageContent(messageId=o6ibeptuk1692069583996, fromId=a1c9dd2eb3e95b37c98eb81379a365db, toId=lld, messageBody={"type":1,"content":"txt"}, messageTime=1692069583000, extra=null, messageKey=null, messageSequence=0)
11:19:44.026 [org.springframework.amqp.rabbit.RabbitListenerEndpointContainer#0-1] INFO  c.h.i.s.m.p.MessageProducer - [sendMessage,46] - send message == {"appId":10000,"clientType":1,"command":1107,"data":{"toId":"a1c9dd2eb3e95b37c98eb81379a365db","serverSend":true,"messageSequence":0,"fromId":"lld"},"imei":"windows","siteId":"cssite","toId":"a1c9dd2eb3e95b37c98eb81379a365db"}
11:19:44.026 [org.springframework.amqp.rabbit.RabbitListenerEndpointContainer#0-1] INFO  c.h.i.s.m.s.P2PMessageService - [process,183] - 完成发消息给对方的在线端
11:19:44.026 [org.springframework.amqp.rabbit.RabbitListenerEndpointContainer#0-1] INFO  c.h.i.s.m.s.P2PMessageService - [process,195] - 消息处理完成：o6ibeptuk1692069583996
11:19:50.528 [org.springframework.amqp.rabbit.RabbitListenerEndpointContainer#0-1] INFO  c.h.i.s.m.ChatOperateReceiver - [onChatMessage,66] - IM服务发送给逻辑层的消息处理! queue：pipeline2MessageService,msg:{"toId":"lld","messageTime":1692069590000,"clientType":1,"messageRandom":9803,"messageBody":"{\"type\":1,\"content\":\"txt\"}","appId":10000,"messageId":"ltaox18tq1692069590525","siteId":"cssite","imei":"windows","fromId":"2a4f53eb8f6d892a11ebcddfb0e44e05","command":1103}
11:19:50.528 [org.springframework.amqp.rabbit.RabbitListenerEndpointContainer#0-1] INFO  c.h.i.s.m.ChatOperateReceiver - [onChatMessage,74] - 单聊消息处理
11:19:50.528 [org.springframework.amqp.rabbit.RabbitListenerEndpointContainer#0-1] INFO  c.h.i.s.m.s.P2PMessageService - [process,79] - 消息开始处理：ltaox18tq1692069590525
11:19:50.554 [org.springframework.amqp.rabbit.RabbitListenerEndpointContainer#0-1] INFO  c.h.i.s.m.s.P2PMessageService - [process,172] - 回ack 成功给自己
11:19:50.554 [org.springframework.amqp.rabbit.RabbitListenerEndpointContainer#0-1] INFO  c.h.i.s.m.s.P2PMessageService - [ack,209] - msg ack,msgId=ltaox18tq1692069590525,checkResut200
11:19:50.556 [org.springframework.amqp.rabbit.RabbitListenerEndpointContainer#0-1] INFO  c.h.i.s.m.p.MessageProducer - [sendMessage,46] - send message == {"appId":10000,"clientType":1,"command":1046,"data":{"msg":"success","code":200,"data":{"messageId":"ltaox18tq1692069590525","messageSequence":0},"ok":true},"imei":"windows","siteId":"cssite","toId":"2a4f53eb8f6d892a11ebcddfb0e44e05"}
11:19:50.556 [org.springframework.amqp.rabbit.RabbitListenerEndpointContainer#0-1] INFO  c.h.i.s.m.s.P2PMessageService - [process,178] - 开始发消息给对方的在线端
11:19:50.556 [org.springframework.amqp.rabbit.RabbitListenerEndpointContainer#0-1] INFO  c.h.i.s.m.s.P2PMessageService - [process,179] - messageContent:MessageContent(messageId=ltaox18tq1692069590525, fromId=2a4f53eb8f6d892a11ebcddfb0e44e05, toId=lld, messageBody={"type":1,"content":"txt"}, messageTime=1692069590000, extra=null, messageKey=null, messageSequence=0)
11:19:50.559 [org.springframework.amqp.rabbit.RabbitListenerEndpointContainer#0-1] INFO  c.h.i.s.m.p.MessageProducer - [sendMessage,46] - send message == {"appId":10000,"clientType":1,"command":1107,"data":{"toId":"2a4f53eb8f6d892a11ebcddfb0e44e05","serverSend":true,"messageSequence":0,"fromId":"lld"},"imei":"windows","siteId":"cssite","toId":"2a4f53eb8f6d892a11ebcddfb0e44e05"}
11:19:50.560 [org.springframework.amqp.rabbit.RabbitListenerEndpointContainer#0-1] INFO  c.h.i.s.m.s.P2PMessageService - [process,183] - 完成发消息给对方的在线端
11:19:50.560 [org.springframework.amqp.rabbit.RabbitListenerEndpointContainer#0-1] INFO  c.h.i.s.m.s.P2PMessageService - [process,195] - 消息处理完成：ltaox18tq1692069590525
11:20:03.734 [org.springframework.amqp.rabbit.RabbitListenerEndpointContainer#0-1] INFO  c.h.i.s.m.ChatOperateReceiver - [onChatMessage,66] - IM服务发送给逻辑层的消息处理! queue：pipeline2MessageService,msg:{"toId":"2a4f53eb8f6d892a11ebcddfb0e44e05","conversationType":"0","clientType":1,"conversationId":"0_lld_2a4f53eb8f6d892a11ebcddfb0e44e05","appId":10000,"imei":"windows","siteId":"cssite","messageSequence":"305699309551617","fromId":"lld","command":1106}
11:20:03.734 [org.springframework.amqp.rabbit.RabbitListenerEndpointContainer#0-1] INFO  c.h.i.s.m.ChatOperateReceiver - [onChatMessage,89] - 已读消息处理
11:20:03.737 [org.springframework.amqp.rabbit.RabbitListenerEndpointContainer#0-1] INFO  c.h.i.s.m.p.MessageProducer - [sendMessage,46] - send message == {"appId":10000,"clientType":1,"command":1054,"data":{"conversationType":0,"toId":"2a4f53eb8f6d892a11ebcddfb0e44e05","conversationId":"0_lld_2a4f53eb8f6d892a11ebcddfb0e44e05","messageSequence":305699309551617,"fromId":"lld"},"imei":"windows","siteId":"cssite","toId":"2a4f53eb8f6d892a11ebcddfb0e44e05"}
11:20:05.499 [org.springframework.amqp.rabbit.RabbitListenerEndpointContainer#0-1] INFO  c.h.i.s.m.ChatOperateReceiver - [onChatMessage,66] - IM服务发送给逻辑层的消息处理! queue：pipeline2MessageService,msg:{"toId":"a1c9dd2eb3e95b37c98eb81379a365db","conversationType":"0","clientType":1,"conversationId":"0_lld_a1c9dd2eb3e95b37c98eb81379a365db","appId":10000,"imei":"windows","siteId":"cssite","messageSequence":"305699296968705","fromId":"lld","command":1106}
11:20:05.499 [org.springframework.amqp.rabbit.RabbitListenerEndpointContainer#0-1] INFO  c.h.i.s.m.ChatOperateReceiver - [onChatMessage,89] - 已读消息处理
11:20:05.503 [org.springframework.amqp.rabbit.RabbitListenerEndpointContainer#0-1] INFO  c.h.i.s.m.p.MessageProducer - [sendMessage,46] - send message == {"appId":10000,"clientType":1,"command":1054,"data":{"conversationType":0,"toId":"a1c9dd2eb3e95b37c98eb81379a365db","conversationId":"0_lld_a1c9dd2eb3e95b37c98eb81379a365db","messageSequence":305699296968705,"fromId":"lld"},"imei":"windows","siteId":"cssite","toId":"a1c9dd2eb3e95b37c98eb81379a365db"}
11:20:11.359 [org.springframework.amqp.rabbit.RabbitListenerEndpointContainer#0-1] INFO  c.h.i.s.m.ChatOperateReceiver - [onChatMessage,66] - IM服务发送给逻辑层的消息处理! queue：pipeline2MessageService,msg:{"toId":"a1c9dd2eb3e95b37c98eb81379a365db","messageTime":1692069611000,"clientType":1,"messageRandom":527,"messageBody":"{\"type\":1,\"content\":\"sssda\"}","appId":10000,"messageId":"qw3yi8jomi1692069611357","siteId":"cssite","imei":"windows","fromId":"lld","command":1103}
11:20:11.359 [org.springframework.amqp.rabbit.RabbitListenerEndpointContainer#0-1] INFO  c.h.i.s.m.ChatOperateReceiver - [onChatMessage,74] - 单聊消息处理
11:20:11.360 [org.springframework.amqp.rabbit.RabbitListenerEndpointContainer#0-1] INFO  c.h.i.s.m.s.P2PMessageService - [process,79] - 消息开始处理：qw3yi8jomi1692069611357
11:20:11.375 [org.springframework.amqp.rabbit.RabbitListenerEndpointContainer#0-1] INFO  c.h.i.s.m.s.P2PMessageService - [process,172] - 回ack 成功给自己
11:20:11.375 [org.springframework.amqp.rabbit.RabbitListenerEndpointContainer#0-1] INFO  c.h.i.s.m.s.P2PMessageService - [ack,209] - msg ack,msgId=qw3yi8jomi1692069611357,checkResut200
11:20:11.376 [org.springframework.amqp.rabbit.RabbitListenerEndpointContainer#0-1] INFO  c.h.i.s.m.p.MessageProducer - [sendMessage,46] - send message == {"appId":10000,"clientType":1,"command":1046,"data":{"msg":"success","code":200,"data":{"messageId":"qw3yi8jomi1692069611357","messageSequence":0},"ok":true},"imei":"windows","siteId":"cssite","toId":"lld"}
11:20:11.377 [org.springframework.amqp.rabbit.RabbitListenerEndpointContainer#0-1] INFO  c.h.i.s.m.s.P2PMessageService - [process,178] - 开始发消息给对方的在线端
11:20:11.377 [org.springframework.amqp.rabbit.RabbitListenerEndpointContainer#0-1] INFO  c.h.i.s.m.s.P2PMessageService - [process,179] - messageContent:MessageContent(messageId=qw3yi8jomi1692069611357, fromId=lld, toId=a1c9dd2eb3e95b37c98eb81379a365db, messageBody={"type":1,"content":"sssda"}, messageTime=1692069611000, extra=null, messageKey=null, messageSequence=0)
11:20:11.379 [org.springframework.amqp.rabbit.RabbitListenerEndpointContainer#0-1] INFO  c.h.i.s.m.p.MessageProducer - [sendMessage,46] - send message == {"appId":10000,"clientType":1,"command":1103,"data":{"toId":"a1c9dd2eb3e95b37c98eb81379a365db","messageTime":1692069611000,"clientType":1,"messageBody":"{\"type\":1,\"content\":\"sssda\"}","appId":10000,"imei":"windows","messageId":"qw3yi8jomi1692069611357","siteId":"cssite","messageSequence":0,"fromId":"lld"},"imei":"windows","siteId":"cssite","toId":"a1c9dd2eb3e95b37c98eb81379a365db"}
11:20:11.381 [org.springframework.amqp.rabbit.RabbitListenerEndpointContainer#0-1] INFO  c.h.i.s.m.p.MessageProducer - [sendMessage,46] - send message == {"appId":10000,"clientType":1,"command":1107,"data":{"toId":"lld","serverSend":true,"messageSequence":0,"fromId":"a1c9dd2eb3e95b37c98eb81379a365db"},"imei":"windows","siteId":"cssite","toId":"lld"}
11:20:11.382 [org.springframework.amqp.rabbit.RabbitListenerEndpointContainer#0-1] INFO  c.h.i.s.m.s.P2PMessageService - [process,183] - 完成发消息给对方的在线端
11:20:11.382 [org.springframework.amqp.rabbit.RabbitListenerEndpointContainer#0-1] INFO  c.h.i.s.m.s.P2PMessageService - [process,195] - 消息处理完成：qw3yi8jomi1692069611357
11:20:20.358 [org.springframework.amqp.rabbit.RabbitListenerEndpointContainer#0-1] INFO  c.h.i.s.m.ChatOperateReceiver - [onChatMessage,66] - IM服务发送给逻辑层的消息处理! queue：pipeline2MessageService,msg:{"toId":"a1c9dd2eb3e95b37c98eb81379a365db","messageTime":1692069620000,"clientType":1,"messageRandom":1138,"messageBody":"{\"type\":1,\"content\":\"是是是\"}","appId":10000,"messageId":"m7f0v5r8x1692069620357","siteId":"cssite","imei":"windows","fromId":"lld","command":1103}
11:20:20.358 [org.springframework.amqp.rabbit.RabbitListenerEndpointContainer#0-1] INFO  c.h.i.s.m.ChatOperateReceiver - [onChatMessage,74] - 单聊消息处理
11:20:20.359 [org.springframework.amqp.rabbit.RabbitListenerEndpointContainer#0-1] INFO  c.h.i.s.m.s.P2PMessageService - [process,79] - 消息开始处理：m7f0v5r8x1692069620357
11:20:20.394 [org.springframework.amqp.rabbit.RabbitListenerEndpointContainer#0-1] INFO  c.h.i.s.m.s.P2PMessageService - [process,172] - 回ack 成功给自己
11:20:20.394 [org.springframework.amqp.rabbit.RabbitListenerEndpointContainer#0-1] INFO  c.h.i.s.m.s.P2PMessageService - [ack,209] - msg ack,msgId=m7f0v5r8x1692069620357,checkResut200
11:20:20.396 [org.springframework.amqp.rabbit.RabbitListenerEndpointContainer#0-1] INFO  c.h.i.s.m.p.MessageProducer - [sendMessage,46] - send message == {"appId":10000,"clientType":1,"command":1046,"data":{"msg":"success","code":200,"data":{"messageId":"m7f0v5r8x1692069620357","messageSequence":0},"ok":true},"imei":"windows","siteId":"cssite","toId":"lld"}
11:20:20.396 [org.springframework.amqp.rabbit.RabbitListenerEndpointContainer#0-1] INFO  c.h.i.s.m.s.P2PMessageService - [process,178] - 开始发消息给对方的在线端
11:20:20.396 [org.springframework.amqp.rabbit.RabbitListenerEndpointContainer#0-1] INFO  c.h.i.s.m.s.P2PMessageService - [process,179] - messageContent:MessageContent(messageId=m7f0v5r8x1692069620357, fromId=lld, toId=a1c9dd2eb3e95b37c98eb81379a365db, messageBody={"type":1,"content":"是是是"}, messageTime=1692069620000, extra=null, messageKey=null, messageSequence=0)
11:20:20.398 [org.springframework.amqp.rabbit.RabbitListenerEndpointContainer#0-1] INFO  c.h.i.s.m.p.MessageProducer - [sendMessage,46] - send message == {"appId":10000,"clientType":1,"command":1103,"data":{"toId":"a1c9dd2eb3e95b37c98eb81379a365db","messageTime":1692069620000,"clientType":1,"messageBody":"{\"type\":1,\"content\":\"是是是\"}","appId":10000,"imei":"windows","messageId":"m7f0v5r8x1692069620357","siteId":"cssite","messageSequence":0,"fromId":"lld"},"imei":"windows","siteId":"cssite","toId":"a1c9dd2eb3e95b37c98eb81379a365db"}
11:20:20.400 [org.springframework.amqp.rabbit.RabbitListenerEndpointContainer#0-1] INFO  c.h.i.s.m.p.MessageProducer - [sendMessage,46] - send message == {"appId":10000,"clientType":1,"command":1107,"data":{"toId":"lld","serverSend":true,"messageSequence":0,"fromId":"a1c9dd2eb3e95b37c98eb81379a365db"},"imei":"windows","siteId":"cssite","toId":"lld"}
11:20:20.400 [org.springframework.amqp.rabbit.RabbitListenerEndpointContainer#0-1] INFO  c.h.i.s.m.s.P2PMessageService - [process,183] - 完成发消息给对方的在线端
11:20:20.401 [org.springframework.amqp.rabbit.RabbitListenerEndpointContainer#0-1] INFO  c.h.i.s.m.s.P2PMessageService - [process,195] - 消息处理完成：m7f0v5r8x1692069620357
12:03:36.273 [SpringApplicationShutdownHook] INFO  c.z.h.HikariDataSource - [close,350] - HikariPool-1 - Shutdown initiated...
12:03:36.275 [SpringApplicationShutdownHook] INFO  c.z.h.HikariDataSource - [close,352] - HikariPool-1 - Shutdown completed.
12:03:44.880 [background-preinit] INFO  o.h.v.i.util.Version - [<clinit>,21] - HV000001: Hibernate Validator 6.2.3.Final
12:03:46.448 [main] INFO  c.h.i.s.ImServiceApplication - [logStartupProfileInfo,640] - The following 1 profile is active: "dev"
12:03:50.436 [main] INFO  c.h.i.s.ImServiceApplication - [logStarted,61] - Started ImServiceApplication in 7.459 seconds (JVM running for 8.249)
12:03:50.881 [RMI TCP Connection(8)-10.32.128.102] INFO  c.z.h.HikariDataSource - [getConnection,110] - HikariPool-1 - Starting...
12:03:51.155 [RMI TCP Connection(8)-10.32.128.102] INFO  c.z.h.HikariDataSource - [getConnection,123] - HikariPool-1 - Start completed.
12:06:49.331 [org.springframework.amqp.rabbit.RabbitListenerEndpointContainer#0-1] INFO  c.h.i.s.m.ChatOperateReceiver - [onChatMessage,66] - IM服务发送给逻辑层的消息处理! queue：pipeline2MessageService,msg:{"toId":"lld","messageTime":1692072409000,"clientType":1,"messageRandom":3658,"messageBody":"{\"type\":1,\"content\":\"txt\"}","appId":10000,"messageId":"qd8xy0s0111692072409307","siteId":"cssite","imei":"windows","fromId":"a1c9dd2eb3e95b37c98eb81379a365db","command":1103}
12:06:49.371 [org.springframework.amqp.rabbit.RabbitListenerEndpointContainer#0-1] INFO  c.h.i.s.m.ChatOperateReceiver - [onChatMessage,74] - 单聊消息处理
12:06:49.378 [org.springframework.amqp.rabbit.RabbitListenerEndpointContainer#0-1] INFO  c.h.i.s.m.s.P2PMessageService - [process,79] - 消息开始处理：qd8xy0s0111692072409307
12:06:49.679 [org.springframework.amqp.rabbit.RabbitListenerEndpointContainer#0-1] INFO  c.h.i.s.m.s.P2PMessageService - [process,172] - 回ack 成功给自己
12:06:49.679 [org.springframework.amqp.rabbit.RabbitListenerEndpointContainer#0-1] INFO  c.h.i.s.m.s.P2PMessageService - [ack,209] - msg ack,msgId=qd8xy0s0111692072409307,checkResut200
12:06:49.689 [org.springframework.amqp.rabbit.RabbitListenerEndpointContainer#0-1] INFO  c.h.i.s.m.p.MessageProducer - [sendMessage,46] - send message == {"appId":10000,"clientType":1,"command":1046,"data":{"msg":"success","code":200,"data":{"messageId":"qd8xy0s0111692072409307","messageSequence":0},"ok":true},"imei":"windows","siteId":"cssite","toId":"a1c9dd2eb3e95b37c98eb81379a365db"}
12:06:49.692 [org.springframework.amqp.rabbit.RabbitListenerEndpointContainer#0-1] INFO  c.h.i.s.m.s.P2PMessageService - [process,178] - 开始发消息给对方的在线端
12:06:49.692 [org.springframework.amqp.rabbit.RabbitListenerEndpointContainer#0-1] INFO  c.h.i.s.m.s.P2PMessageService - [process,179] - messageContent:MessageContent(messageId=qd8xy0s0111692072409307, fromId=a1c9dd2eb3e95b37c98eb81379a365db, toId=lld, messageBody={"type":1,"content":"txt"}, messageTime=1692072409000, extra=null, messageKey=null, messageSequence=0)
12:06:49.697 [org.springframework.amqp.rabbit.RabbitListenerEndpointContainer#0-1] INFO  c.h.i.s.m.p.MessageProducer - [sendMessage,46] - send message == {"appId":10000,"clientType":1,"command":1107,"data":{"toId":"a1c9dd2eb3e95b37c98eb81379a365db","serverSend":true,"messageSequence":0,"fromId":"lld"},"imei":"windows","siteId":"cssite","toId":"a1c9dd2eb3e95b37c98eb81379a365db"}
12:06:49.698 [org.springframework.amqp.rabbit.RabbitListenerEndpointContainer#0-1] INFO  c.h.i.s.m.s.P2PMessageService - [process,183] - 完成发消息给对方的在线端
12:06:49.698 [org.springframework.amqp.rabbit.RabbitListenerEndpointContainer#0-1] INFO  c.h.i.s.m.s.P2PMessageService - [process,195] - 消息处理完成：qd8xy0s0111692072409307
12:06:53.583 [org.springframework.amqp.rabbit.RabbitListenerEndpointContainer#0-1] INFO  c.h.i.s.m.ChatOperateReceiver - [onChatMessage,66] - IM服务发送给逻辑层的消息处理! queue：pipeline2MessageService,msg:{"toId":"lld","messageTime":1692072413000,"clientType":1,"messageRandom":1774,"messageBody":"{\"type\":1,\"content\":\"txt\"}","appId":10000,"messageId":"se888c8ald1692072413580","siteId":"cssite","imei":"windows","fromId":"2a4f53eb8f6d892a11ebcddfb0e44e05","command":1103}
12:06:53.583 [org.springframework.amqp.rabbit.RabbitListenerEndpointContainer#0-1] INFO  c.h.i.s.m.ChatOperateReceiver - [onChatMessage,74] - 单聊消息处理
12:06:53.584 [org.springframework.amqp.rabbit.RabbitListenerEndpointContainer#0-1] INFO  c.h.i.s.m.s.P2PMessageService - [process,79] - 消息开始处理：se888c8ald1692072413580
12:06:53.603 [org.springframework.amqp.rabbit.RabbitListenerEndpointContainer#0-1] INFO  c.h.i.s.m.s.P2PMessageService - [process,172] - 回ack 成功给自己
12:06:53.603 [org.springframework.amqp.rabbit.RabbitListenerEndpointContainer#0-1] INFO  c.h.i.s.m.s.P2PMessageService - [ack,209] - msg ack,msgId=se888c8ald1692072413580,checkResut200
12:06:53.604 [org.springframework.amqp.rabbit.RabbitListenerEndpointContainer#0-1] INFO  c.h.i.s.m.p.MessageProducer - [sendMessage,46] - send message == {"appId":10000,"clientType":1,"command":1046,"data":{"msg":"success","code":200,"data":{"messageId":"se888c8ald1692072413580","messageSequence":0},"ok":true},"imei":"windows","siteId":"cssite","toId":"2a4f53eb8f6d892a11ebcddfb0e44e05"}
12:06:53.604 [org.springframework.amqp.rabbit.RabbitListenerEndpointContainer#0-1] INFO  c.h.i.s.m.s.P2PMessageService - [process,178] - 开始发消息给对方的在线端
12:06:53.604 [org.springframework.amqp.rabbit.RabbitListenerEndpointContainer#0-1] INFO  c.h.i.s.m.s.P2PMessageService - [process,179] - messageContent:MessageContent(messageId=se888c8ald1692072413580, fromId=2a4f53eb8f6d892a11ebcddfb0e44e05, toId=lld, messageBody={"type":1,"content":"txt"}, messageTime=1692072413000, extra=null, messageKey=null, messageSequence=0)
12:06:53.606 [org.springframework.amqp.rabbit.RabbitListenerEndpointContainer#0-1] INFO  c.h.i.s.m.p.MessageProducer - [sendMessage,46] - send message == {"appId":10000,"clientType":1,"command":1107,"data":{"toId":"2a4f53eb8f6d892a11ebcddfb0e44e05","serverSend":true,"messageSequence":0,"fromId":"lld"},"imei":"windows","siteId":"cssite","toId":"2a4f53eb8f6d892a11ebcddfb0e44e05"}
12:06:53.606 [org.springframework.amqp.rabbit.RabbitListenerEndpointContainer#0-1] INFO  c.h.i.s.m.s.P2PMessageService - [process,183] - 完成发消息给对方的在线端
12:06:53.606 [org.springframework.amqp.rabbit.RabbitListenerEndpointContainer#0-1] INFO  c.h.i.s.m.s.P2PMessageService - [process,195] - 消息处理完成：se888c8ald1692072413580
12:07:36.446 [org.springframework.amqp.rabbit.RabbitListenerEndpointContainer#0-1] INFO  c.h.i.s.m.ChatOperateReceiver - [onChatMessage,66] - IM服务发送给逻辑层的消息处理! queue：pipeline2MessageService,msg:{"toId":"2a4f53eb8f6d892a11ebcddfb0e44e05","conversationType":"0","clientType":1,"conversationId":"0_lld_2a4f53eb8f6d892a11ebcddfb0e44e05","appId":10000,"imei":"windows","siteId":"cssite","messageSequence":"305705229811713","fromId":"lld","command":1106}
12:07:36.446 [org.springframework.amqp.rabbit.RabbitListenerEndpointContainer#0-1] INFO  c.h.i.s.m.ChatOperateReceiver - [onChatMessage,89] - 已读消息处理
12:07:36.462 [org.springframework.amqp.rabbit.RabbitListenerEndpointContainer#0-1] INFO  c.h.i.s.m.p.MessageProducer - [sendMessage,46] - send message == {"appId":10000,"clientType":1,"command":1054,"data":{"conversationType":0,"toId":"2a4f53eb8f6d892a11ebcddfb0e44e05","conversationId":"0_lld_2a4f53eb8f6d892a11ebcddfb0e44e05","messageSequence":305705229811713,"fromId":"lld"},"imei":"windows","siteId":"cssite","toId":"2a4f53eb8f6d892a11ebcddfb0e44e05"}
12:07:37.699 [org.springframework.amqp.rabbit.RabbitListenerEndpointContainer#0-1] INFO  c.h.i.s.m.ChatOperateReceiver - [onChatMessage,66] - IM服务发送给逻辑层的消息处理! queue：pipeline2MessageService,msg:{"toId":"a1c9dd2eb3e95b37c98eb81379a365db","conversationType":"0","clientType":1,"conversationId":"0_lld_a1c9dd2eb3e95b37c98eb81379a365db","appId":10000,"imei":"windows","siteId":"cssite","messageSequence":"305705221423105","fromId":"lld","command":1106}
12:07:37.699 [org.springframework.amqp.rabbit.RabbitListenerEndpointContainer#0-1] INFO  c.h.i.s.m.ChatOperateReceiver - [onChatMessage,89] - 已读消息处理
12:07:37.702 [org.springframework.amqp.rabbit.RabbitListenerEndpointContainer#0-1] INFO  c.h.i.s.m.p.MessageProducer - [sendMessage,46] - send message == {"appId":10000,"clientType":1,"command":1054,"data":{"conversationType":0,"toId":"a1c9dd2eb3e95b37c98eb81379a365db","conversationId":"0_lld_a1c9dd2eb3e95b37c98eb81379a365db","messageSequence":305705221423105,"fromId":"lld"},"imei":"windows","siteId":"cssite","toId":"a1c9dd2eb3e95b37c98eb81379a365db"}
14:08:29.939 [SpringApplicationShutdownHook] INFO  c.z.h.HikariDataSource - [close,350] - HikariPool-1 - Shutdown initiated...
14:08:29.941 [SpringApplicationShutdownHook] INFO  c.z.h.HikariDataSource - [close,352] - HikariPool-1 - Shutdown completed.
14:08:37.758 [background-preinit] INFO  o.h.v.i.util.Version - [<clinit>,21] - HV000001: Hibernate Validator 6.2.3.Final
14:08:39.174 [main] INFO  c.h.i.s.ImServiceApplication - [logStartupProfileInfo,640] - The following 1 profile is active: "dev"
14:08:42.779 [main] INFO  c.h.i.s.ImServiceApplication - [logStarted,61] - Started ImServiceApplication in 6.86 seconds (JVM running for 7.78)
14:08:42.897 [RMI TCP Connection(10)-10.32.128.102] INFO  c.z.h.HikariDataSource - [getConnection,110] - HikariPool-1 - Starting...
14:08:43.150 [RMI TCP Connection(10)-10.32.128.102] INFO  c.z.h.HikariDataSource - [getConnection,123] - HikariPool-1 - Start completed.
14:10:21.983 [org.springframework.amqp.rabbit.RabbitListenerEndpointContainer#0-1] INFO  c.h.i.s.m.ChatOperateReceiver - [onChatMessage,66] - IM服务发送给逻辑层的消息处理! queue：pipeline2MessageService,msg:{"toId":"lld","messageTime":1692079821000,"clientType":1,"messageRandom":4274,"messageBody":"{\"type\":1,\"content\":\"txt\"}","appId":10000,"messageId":"9c4ripzhla1692079821974","siteId":"cssite","imei":"windows","fromId":"a1c9dd2eb3e95b37c98eb81379a365db","command":1103}
14:10:22.024 [org.springframework.amqp.rabbit.RabbitListenerEndpointContainer#0-1] INFO  c.h.i.s.m.ChatOperateReceiver - [onChatMessage,74] - 单聊消息处理
14:10:22.031 [org.springframework.amqp.rabbit.RabbitListenerEndpointContainer#0-1] INFO  c.h.i.s.m.s.P2PMessageService - [process,79] - 消息开始处理：9c4ripzhla1692079821974
14:10:22.341 [org.springframework.amqp.rabbit.RabbitListenerEndpointContainer#0-1] INFO  c.h.i.s.m.s.P2PMessageService - [process,172] - 回ack 成功给自己
14:10:22.342 [org.springframework.amqp.rabbit.RabbitListenerEndpointContainer#0-1] INFO  c.h.i.s.m.s.P2PMessageService - [ack,209] - msg ack,msgId=9c4ripzhla1692079821974,checkResut200
14:10:22.362 [org.springframework.amqp.rabbit.RabbitListenerEndpointContainer#0-1] INFO  c.h.i.s.m.p.MessageProducer - [sendMessage,46] - send message == {"appId":10000,"clientType":1,"command":1046,"data":{"msg":"success","code":200,"data":{"messageId":"9c4ripzhla1692079821974","messageSequence":0},"ok":true},"imei":"windows","siteId":"cssite","toId":"a1c9dd2eb3e95b37c98eb81379a365db"}
14:10:22.365 [org.springframework.amqp.rabbit.RabbitListenerEndpointContainer#0-1] INFO  c.h.i.s.m.s.P2PMessageService - [process,178] - 开始发消息给对方的在线端
14:10:22.365 [org.springframework.amqp.rabbit.RabbitListenerEndpointContainer#0-1] INFO  c.h.i.s.m.s.P2PMessageService - [process,179] - messageContent:MessageContent(messageId=9c4ripzhla1692079821974, fromId=a1c9dd2eb3e95b37c98eb81379a365db, toId=lld, messageBody={"type":1,"content":"txt"}, messageTime=1692079821000, extra=null, messageKey=null, messageSequence=0)
14:10:22.374 [org.springframework.amqp.rabbit.RabbitListenerEndpointContainer#0-1] INFO  c.h.i.s.m.p.MessageProducer - [sendMessage,46] - send message == {"appId":10000,"clientType":1,"command":1103,"data":{"toId":"lld","messageTime":1692079821000,"clientType":1,"messageBody":"{\"type\":1,\"content\":\"txt\"}","appId":10000,"imei":"windows","messageId":"9c4ripzhla1692079821974","siteId":"cssite","messageSequence":0,"fromId":"a1c9dd2eb3e95b37c98eb81379a365db"},"imei":"windows","siteId":"cssite","toId":"lld"}
14:10:22.377 [org.springframework.amqp.rabbit.RabbitListenerEndpointContainer#0-1] INFO  c.h.i.s.m.p.MessageProducer - [sendMessage,46] - send message == {"appId":10000,"clientType":1,"command":1107,"data":{"toId":"a1c9dd2eb3e95b37c98eb81379a365db","serverSend":true,"messageSequence":0,"fromId":"lld"},"imei":"windows","siteId":"cssite","toId":"a1c9dd2eb3e95b37c98eb81379a365db"}
14:10:22.377 [org.springframework.amqp.rabbit.RabbitListenerEndpointContainer#0-1] INFO  c.h.i.s.m.s.P2PMessageService - [process,183] - 完成发消息给对方的在线端
14:10:22.378 [org.springframework.amqp.rabbit.RabbitListenerEndpointContainer#0-1] INFO  c.h.i.s.m.s.P2PMessageService - [process,195] - 消息处理完成：9c4ripzhla1692079821974
14:10:23.369 [org.springframework.amqp.rabbit.RabbitListenerEndpointContainer#0-1] INFO  c.h.i.s.m.ChatOperateReceiver - [onChatMessage,66] - IM服务发送给逻辑层的消息处理! queue：pipeline2MessageService,msg:{"toId":"lld","messageTime":1692079823000,"clientType":1,"messageRandom":802,"messageBody":"{\"type\":1,\"content\":\"txt\"}","appId":10000,"messageId":"q18cxzxc5t1692079823366","siteId":"cssite","imei":"windows","fromId":"2a4f53eb8f6d892a11ebcddfb0e44e05","command":1103}
14:10:23.370 [org.springframework.amqp.rabbit.RabbitListenerEndpointContainer#0-1] INFO  c.h.i.s.m.ChatOperateReceiver - [onChatMessage,74] - 单聊消息处理
14:10:23.370 [org.springframework.amqp.rabbit.RabbitListenerEndpointContainer#0-1] INFO  c.h.i.s.m.s.P2PMessageService - [process,79] - 消息开始处理：q18cxzxc5t1692079823366
14:10:23.400 [org.springframework.amqp.rabbit.RabbitListenerEndpointContainer#0-1] INFO  c.h.i.s.m.s.P2PMessageService - [process,172] - 回ack 成功给自己
14:10:23.400 [org.springframework.amqp.rabbit.RabbitListenerEndpointContainer#0-1] INFO  c.h.i.s.m.s.P2PMessageService - [ack,209] - msg ack,msgId=q18cxzxc5t1692079823366,checkResut200
14:10:23.401 [org.springframework.amqp.rabbit.RabbitListenerEndpointContainer#0-1] INFO  c.h.i.s.m.p.MessageProducer - [sendMessage,46] - send message == {"appId":10000,"clientType":1,"command":1046,"data":{"msg":"success","code":200,"data":{"messageId":"q18cxzxc5t1692079823366","messageSequence":0},"ok":true},"imei":"windows","siteId":"cssite","toId":"2a4f53eb8f6d892a11ebcddfb0e44e05"}
14:10:23.401 [org.springframework.amqp.rabbit.RabbitListenerEndpointContainer#0-1] INFO  c.h.i.s.m.s.P2PMessageService - [process,178] - 开始发消息给对方的在线端
14:10:23.401 [org.springframework.amqp.rabbit.RabbitListenerEndpointContainer#0-1] INFO  c.h.i.s.m.s.P2PMessageService - [process,179] - messageContent:MessageContent(messageId=q18cxzxc5t1692079823366, fromId=2a4f53eb8f6d892a11ebcddfb0e44e05, toId=lld, messageBody={"type":1,"content":"txt"}, messageTime=1692079823000, extra=null, messageKey=null, messageSequence=0)
14:10:23.402 [org.springframework.amqp.rabbit.RabbitListenerEndpointContainer#0-1] INFO  c.h.i.s.m.p.MessageProducer - [sendMessage,46] - send message == {"appId":10000,"clientType":1,"command":1103,"data":{"toId":"lld","messageTime":1692079823000,"clientType":1,"messageBody":"{\"type\":1,\"content\":\"txt\"}","appId":10000,"imei":"windows","messageId":"q18cxzxc5t1692079823366","siteId":"cssite","messageSequence":0,"fromId":"2a4f53eb8f6d892a11ebcddfb0e44e05"},"imei":"windows","siteId":"cssite","toId":"lld"}
14:10:23.403 [org.springframework.amqp.rabbit.RabbitListenerEndpointContainer#0-1] INFO  c.h.i.s.m.p.MessageProducer - [sendMessage,46] - send message == {"appId":10000,"clientType":1,"command":1107,"data":{"toId":"2a4f53eb8f6d892a11ebcddfb0e44e05","serverSend":true,"messageSequence":0,"fromId":"lld"},"imei":"windows","siteId":"cssite","toId":"2a4f53eb8f6d892a11ebcddfb0e44e05"}
14:10:23.404 [org.springframework.amqp.rabbit.RabbitListenerEndpointContainer#0-1] INFO  c.h.i.s.m.s.P2PMessageService - [process,183] - 完成发消息给对方的在线端
14:10:23.404 [org.springframework.amqp.rabbit.RabbitListenerEndpointContainer#0-1] INFO  c.h.i.s.m.s.P2PMessageService - [process,195] - 消息处理完成：q18cxzxc5t1692079823366
14:10:35.439 [org.springframework.amqp.rabbit.RabbitListenerEndpointContainer#0-1] INFO  c.h.i.s.m.ChatOperateReceiver - [onChatMessage,66] - IM服务发送给逻辑层的消息处理! queue：pipeline2MessageService,msg:{"toId":"2a4f53eb8f6d892a11ebcddfb0e44e05","conversationType":"0","clientType":1,"conversationId":"0_lld_2a4f53eb8f6d892a11ebcddfb0e44e05","appId":10000,"imei":"windows","siteId":"cssite","messageSequence":"305720769708033","fromId":"lld","command":1106}
14:10:35.439 [org.springframework.amqp.rabbit.RabbitListenerEndpointContainer#0-1] INFO  c.h.i.s.m.ChatOperateReceiver - [onChatMessage,89] - 已读消息处理
14:10:35.448 [org.springframework.amqp.rabbit.RabbitListenerEndpointContainer#0-1] INFO  c.h.i.s.m.p.MessageProducer - [sendMessage,46] - send message == {"appId":10000,"clientType":1,"command":1054,"data":{"conversationType":0,"toId":"2a4f53eb8f6d892a11ebcddfb0e44e05","conversationId":"0_lld_2a4f53eb8f6d892a11ebcddfb0e44e05","messageSequence":305720769708033,"fromId":"lld"},"imei":"windows","siteId":"cssite","toId":"2a4f53eb8f6d892a11ebcddfb0e44e05"}
14:10:37.813 [org.springframework.amqp.rabbit.RabbitListenerEndpointContainer#0-1] INFO  c.h.i.s.m.ChatOperateReceiver - [onChatMessage,66] - IM服务发送给逻辑层的消息处理! queue：pipeline2MessageService,msg:{"toId":"a1c9dd2eb3e95b37c98eb81379a365db","conversationType":"0","clientType":1,"conversationId":"0_lld_a1c9dd2eb3e95b37c98eb81379a365db","appId":10000,"imei":"windows","siteId":"cssite","messageSequence":"305720767610881","fromId":"lld","command":1106}
14:10:37.814 [org.springframework.amqp.rabbit.RabbitListenerEndpointContainer#0-1] INFO  c.h.i.s.m.ChatOperateReceiver - [onChatMessage,89] - 已读消息处理
14:10:37.816 [org.springframework.amqp.rabbit.RabbitListenerEndpointContainer#0-1] INFO  c.h.i.s.m.p.MessageProducer - [sendMessage,46] - send message == {"appId":10000,"clientType":1,"command":1054,"data":{"conversationType":0,"toId":"a1c9dd2eb3e95b37c98eb81379a365db","conversationId":"0_lld_a1c9dd2eb3e95b37c98eb81379a365db","messageSequence":305720767610881,"fromId":"lld"},"imei":"windows","siteId":"cssite","toId":"a1c9dd2eb3e95b37c98eb81379a365db"}
15:21:37.982 [SpringApplicationShutdownHook] INFO  c.z.h.HikariDataSource - [close,350] - HikariPool-1 - Shutdown initiated...
15:21:37.985 [SpringApplicationShutdownHook] INFO  c.z.h.HikariDataSource - [close,352] - HikariPool-1 - Shutdown completed.
