17:22:10.475 [main] ERROR o.s.b.SpringApplication - [reportFailure,824] - Application run failed
org.springframework.context.ApplicationContextException: Unable to start reactive web server; nested exception is java.lang.NoClassDefFoundError: io/netty/handler/logging/ByteBufFormat
	at org.springframework.boot.web.reactive.context.ReactiveWebServerApplicationContext.onRefresh(ReactiveWebServerApplicationContext.java:84)
	at org.springframework.context.support.AbstractApplicationContext.refresh(AbstractApplicationContext.java:577)
	at org.springframework.boot.web.reactive.context.ReactiveWebServerApplicationContext.refresh(ReactiveWebServerApplicationContext.java:66)
	at org.springframework.boot.SpringApplication.refresh(SpringApplication.java:734)
	at org.springframework.boot.SpringApplication.refreshContext(SpringApplication.java:408)
	at org.springframework.boot.SpringApplication.run(SpringApplication.java:308)
	at org.springframework.boot.SpringApplication.run(SpringApplication.java:1306)
	at org.springframework.boot.SpringApplication.run(SpringApplication.java:1295)
	at com.hy.sys.gateway.HyGatewayApplication.main(HyGatewayApplication.java:16)
Caused by: java.lang.NoClassDefFoundError: io/netty/handler/logging/ByteBufFormat
	at reactor.netty.transport.logging.ReactorNettyLoggingHandler.<init>(ReactorNettyLoggingHandler.java:65)
	at reactor.netty.transport.logging.AdvancedByteBufFormat.toLoggingHandler(AdvancedByteBufFormat.java:109)
	at reactor.netty.http.server.HttpServerConfig.<clinit>(HttpServerConfig.java:671)
	at reactor.netty.http.server.HttpServerBind.<init>(HttpServerBind.java:47)
	at reactor.netty.http.server.HttpServerBind.<clinit>(HttpServerBind.java:39)
	at reactor.netty.http.server.HttpServer.create(HttpServer.java:82)
	at org.springframework.boot.web.embedded.netty.NettyReactiveWebServerFactory.createHttpServer(NettyReactiveWebServerFactory.java:160)
	at org.springframework.boot.web.embedded.netty.NettyReactiveWebServerFactory.getWebServer(NettyReactiveWebServerFactory.java:70)
	at org.springframework.boot.web.reactive.context.WebServerManager.<init>(WebServerManager.java:50)
	at org.springframework.boot.web.reactive.context.ReactiveWebServerApplicationContext.createWebServer(ReactiveWebServerApplicationContext.java:96)
	at org.springframework.boot.web.reactive.context.ReactiveWebServerApplicationContext.onRefresh(ReactiveWebServerApplicationContext.java:81)
	... 8 common frames omitted
Caused by: java.lang.ClassNotFoundException: io.netty.handler.logging.ByteBufFormat
	at java.net.URLClassLoader.findClass(URLClassLoader.java:381)
	at java.lang.ClassLoader.loadClass(ClassLoader.java:424)
	at sun.misc.Launcher$AppClassLoader.loadClass(Launcher.java:331)
	at java.lang.ClassLoader.loadClass(ClassLoader.java:357)
	... 19 common frames omitted
17:27:32.415 [main] ERROR o.s.b.SpringApplication - [reportFailure,824] - Application run failed
org.springframework.context.ApplicationContextException: Unable to start reactive web server; nested exception is java.lang.NoClassDefFoundError: io/netty/handler/logging/ByteBufFormat
	at org.springframework.boot.web.reactive.context.ReactiveWebServerApplicationContext.onRefresh(ReactiveWebServerApplicationContext.java:84)
	at org.springframework.context.support.AbstractApplicationContext.refresh(AbstractApplicationContext.java:577)
	at org.springframework.boot.web.reactive.context.ReactiveWebServerApplicationContext.refresh(ReactiveWebServerApplicationContext.java:66)
	at org.springframework.boot.SpringApplication.refresh(SpringApplication.java:734)
	at org.springframework.boot.SpringApplication.refreshContext(SpringApplication.java:408)
	at org.springframework.boot.SpringApplication.run(SpringApplication.java:308)
	at org.springframework.boot.SpringApplication.run(SpringApplication.java:1306)
	at org.springframework.boot.SpringApplication.run(SpringApplication.java:1295)
	at com.hy.sys.gateway.HyGatewayApplication.main(HyGatewayApplication.java:16)
Caused by: java.lang.NoClassDefFoundError: io/netty/handler/logging/ByteBufFormat
	at reactor.netty.transport.logging.ReactorNettyLoggingHandler.<init>(ReactorNettyLoggingHandler.java:65)
	at reactor.netty.transport.logging.AdvancedByteBufFormat.toLoggingHandler(AdvancedByteBufFormat.java:109)
	at reactor.netty.http.server.HttpServerConfig.<clinit>(HttpServerConfig.java:671)
	at reactor.netty.http.server.HttpServerBind.<init>(HttpServerBind.java:47)
	at reactor.netty.http.server.HttpServerBind.<clinit>(HttpServerBind.java:39)
	at reactor.netty.http.server.HttpServer.create(HttpServer.java:82)
	at org.springframework.boot.web.embedded.netty.NettyReactiveWebServerFactory.createHttpServer(NettyReactiveWebServerFactory.java:160)
	at org.springframework.boot.web.embedded.netty.NettyReactiveWebServerFactory.getWebServer(NettyReactiveWebServerFactory.java:70)
	at org.springframework.boot.web.reactive.context.WebServerManager.<init>(WebServerManager.java:50)
	at org.springframework.boot.web.reactive.context.ReactiveWebServerApplicationContext.createWebServer(ReactiveWebServerApplicationContext.java:96)
	at org.springframework.boot.web.reactive.context.ReactiveWebServerApplicationContext.onRefresh(ReactiveWebServerApplicationContext.java:81)
	... 8 common frames omitted
Caused by: java.lang.ClassNotFoundException: io.netty.handler.logging.ByteBufFormat
	at java.net.URLClassLoader.findClass(URLClassLoader.java:381)
	at java.lang.ClassLoader.loadClass(ClassLoader.java:424)
	at sun.misc.Launcher$AppClassLoader.loadClass(Launcher.java:331)
	at java.lang.ClassLoader.loadClass(ClassLoader.java:357)
	... 19 common frames omitted
