17:07:29.977 [background-preinit] INFO  o.h.v.i.util.Version - [<clinit>,21] - HV000001: Hibernate Validator 6.2.3.Final
17:07:32.045 [main] INFO  c.h.s.g.HyGatewayApplication - [logStartupProfileInfo,640] - The following 1 profile is active: "dev"
17:07:44.633 [main] INFO  c.a.c.n.r.NacosServiceRegistry - [register,75] - nacos registry, DEFAULT_GROUP hy-gateway 192.168.61.1:8201 register finished
17:07:45.644 [main] INFO  c.h.s.g.HyGatewayApplication - [logStarted,61] - Started HyGatewayApplication in 17.73 seconds (JVM running for 21.167)
17:07:45.647 [main] INFO  c.h.s.g.HyGatewayApplication - [main,17] - =======网关启动完成========
17:07:46.296 [RMI TCP Connection(3)-10.32.128.102] INFO  c.z.h.HikariDataSource - [getConnection,110] - HikariCPGate - Starting...
17:07:46.651 [RMI TCP Connection(3)-10.32.128.102] INFO  c.z.h.HikariDataSource - [getConnection,123] - HikariCPGate - Start completed.
17:11:41.316 [SpringApplicationShutdownHook] INFO  c.a.c.n.r.NacosServiceRegistry - [deregister,94] - De-registering from Nacos Server now...
17:11:41.319 [SpringApplicationShutdownHook] INFO  c.a.c.n.r.NacosServiceRegistry - [deregister,114] - De-registration finished.
17:11:50.529 [SpringApplicationShutdownHook] INFO  c.z.h.HikariDataSource - [close,350] - HikariCPGate - Shutdown initiated...
17:11:50.532 [SpringApplicationShutdownHook] INFO  c.z.h.HikariDataSource - [close,352] - HikariCPGate - Shutdown completed.
17:12:05.106 [background-preinit] INFO  o.h.v.i.util.Version - [<clinit>,21] - HV000001: Hibernate Validator 6.2.3.Final
17:12:07.197 [main] INFO  c.h.s.g.HyGatewayApplication - [logStartupProfileInfo,640] - The following 1 profile is active: "dev"
17:12:20.526 [main] INFO  c.a.c.n.r.NacosServiceRegistry - [register,75] - nacos registry, DEFAULT_GROUP hy-gateway 192.168.61.1:8201 register finished
17:12:21.613 [main] INFO  c.h.s.g.HyGatewayApplication - [logStarted,61] - Started HyGatewayApplication in 18.862 seconds (JVM running for 22.852)
17:12:21.617 [main] INFO  c.h.s.g.HyGatewayApplication - [main,17] - =======网关启动完成========
17:12:22.177 [RMI TCP Connection(3)-10.32.128.102] INFO  c.z.h.HikariDataSource - [getConnection,110] - HikariCPGate - Starting...
17:12:22.566 [RMI TCP Connection(3)-10.32.128.102] INFO  c.z.h.HikariDataSource - [getConnection,123] - HikariCPGate - Start completed.
17:14:32.688 [parallel-3] INFO  c.h.s.g.f.AuthGlobalFilter - [filter,67] - AuthGlobalFilter.filter() user:{"user_name":"yaoadmin","roleid":"8ed4607c-c13e-418d-9248-9f91ab4dde99","scope":["all"],"unitid":"56c5c784-65d5-46c5-861c-1d827ceb258e","roletype":"1","id":"6da2a1eb-5ecc-4afa-8501-638a510b71df","exp":1691720007,"authorities":["ADMIN"],"jti":"0b4a2af8-d03f-4321-a6ea-0fbd9e4588b3","client_id":"test-id"}
17:14:45.697 [parallel-5] INFO  c.h.s.g.f.AuthGlobalFilter - [filter,67] - AuthGlobalFilter.filter() user:{"user_name":"yaoadmin","roleid":"8ed4607c-c13e-418d-9248-9f91ab4dde99","scope":["all"],"unitid":"56c5c784-65d5-46c5-861c-1d827ceb258e","roletype":"1","id":"6da2a1eb-5ecc-4afa-8501-638a510b71df","exp":1691720007,"authorities":["ADMIN"],"jti":"0b4a2af8-d03f-4321-a6ea-0fbd9e4588b3","client_id":"test-id"}
17:14:49.843 [parallel-6] INFO  c.h.s.g.f.AuthGlobalFilter - [filter,67] - AuthGlobalFilter.filter() user:{"user_name":"yaoadmin","roleid":"8ed4607c-c13e-418d-9248-9f91ab4dde99","scope":["all"],"unitid":"56c5c784-65d5-46c5-861c-1d827ceb258e","roletype":"1","id":"6da2a1eb-5ecc-4afa-8501-638a510b71df","exp":1691720007,"authorities":["ADMIN"],"jti":"0b4a2af8-d03f-4321-a6ea-0fbd9e4588b3","client_id":"test-id"}
17:14:51.623 [parallel-7] INFO  c.h.s.g.f.AuthGlobalFilter - [filter,67] - AuthGlobalFilter.filter() user:{"user_name":"yaoadmin","roleid":"8ed4607c-c13e-418d-9248-9f91ab4dde99","scope":["all"],"unitid":"56c5c784-65d5-46c5-861c-1d827ceb258e","roletype":"1","id":"6da2a1eb-5ecc-4afa-8501-638a510b71df","exp":1691720007,"authorities":["ADMIN"],"jti":"0b4a2af8-d03f-4321-a6ea-0fbd9e4588b3","client_id":"test-id"}
17:14:52.759 [parallel-8] INFO  c.h.s.g.f.AuthGlobalFilter - [filter,67] - AuthGlobalFilter.filter() user:{"user_name":"yaoadmin","roleid":"8ed4607c-c13e-418d-9248-9f91ab4dde99","scope":["all"],"unitid":"56c5c784-65d5-46c5-861c-1d827ceb258e","roletype":"1","id":"6da2a1eb-5ecc-4afa-8501-638a510b71df","exp":1691720007,"authorities":["ADMIN"],"jti":"0b4a2af8-d03f-4321-a6ea-0fbd9e4588b3","client_id":"test-id"}
17:14:56.752 [parallel-9] INFO  c.h.s.g.f.AuthGlobalFilter - [filter,67] - AuthGlobalFilter.filter() user:{"user_name":"yaoadmin","roleid":"8ed4607c-c13e-418d-9248-9f91ab4dde99","scope":["all"],"unitid":"56c5c784-65d5-46c5-861c-1d827ceb258e","roletype":"1","id":"6da2a1eb-5ecc-4afa-8501-638a510b71df","exp":1691720007,"authorities":["ADMIN"],"jti":"0b4a2af8-d03f-4321-a6ea-0fbd9e4588b3","client_id":"test-id"}
17:21:43.821 [parallel-12] INFO  c.h.s.g.f.AuthGlobalFilter - [filter,67] - AuthGlobalFilter.filter() user:{"user_name":"yaoadmin","roleid":"8ed4607c-c13e-418d-9248-9f91ab4dde99","scope":["all"],"unitid":"56c5c784-65d5-46c5-861c-1d827ceb258e","roletype":"1","id":"6da2a1eb-5ecc-4afa-8501-638a510b71df","exp":1691720007,"authorities":["ADMIN"],"jti":"0b4a2af8-d03f-4321-a6ea-0fbd9e4588b3","client_id":"test-id"}
17:21:44.737 [parallel-2] INFO  c.h.s.g.f.AuthGlobalFilter - [filter,67] - AuthGlobalFilter.filter() user:{"user_name":"yaoadmin","roleid":"8ed4607c-c13e-418d-9248-9f91ab4dde99","scope":["all"],"unitid":"56c5c784-65d5-46c5-861c-1d827ceb258e","roletype":"1","id":"6da2a1eb-5ecc-4afa-8501-638a510b71df","exp":1691720007,"authorities":["ADMIN"],"jti":"0b4a2af8-d03f-4321-a6ea-0fbd9e4588b3","client_id":"test-id"}
17:21:45.941 [parallel-3] INFO  c.h.s.g.f.AuthGlobalFilter - [filter,67] - AuthGlobalFilter.filter() user:{"user_name":"yaoadmin","roleid":"8ed4607c-c13e-418d-9248-9f91ab4dde99","scope":["all"],"unitid":"56c5c784-65d5-46c5-861c-1d827ceb258e","roletype":"1","id":"6da2a1eb-5ecc-4afa-8501-638a510b71df","exp":1691720007,"authorities":["ADMIN"],"jti":"0b4a2af8-d03f-4321-a6ea-0fbd9e4588b3","client_id":"test-id"}
17:21:46.889 [parallel-4] INFO  c.h.s.g.f.AuthGlobalFilter - [filter,67] - AuthGlobalFilter.filter() user:{"user_name":"yaoadmin","roleid":"8ed4607c-c13e-418d-9248-9f91ab4dde99","scope":["all"],"unitid":"56c5c784-65d5-46c5-861c-1d827ceb258e","roletype":"1","id":"6da2a1eb-5ecc-4afa-8501-638a510b71df","exp":1691720007,"authorities":["ADMIN"],"jti":"0b4a2af8-d03f-4321-a6ea-0fbd9e4588b3","client_id":"test-id"}
17:32:35.928 [SpringApplicationShutdownHook] INFO  c.a.c.n.r.NacosServiceRegistry - [deregister,94] - De-registering from Nacos Server now...
17:32:35.931 [SpringApplicationShutdownHook] INFO  c.a.c.n.r.NacosServiceRegistry - [deregister,114] - De-registration finished.
17:32:44.200 [SpringApplicationShutdownHook] INFO  c.z.h.HikariDataSource - [close,350] - HikariCPGate - Shutdown initiated...
17:32:44.204 [SpringApplicationShutdownHook] INFO  c.z.h.HikariDataSource - [close,352] - HikariCPGate - Shutdown completed.
