09:54:37.118 [background-preinit] INFO  o.h.v.i.util.Version - [<clinit>,21] - HV000001: Hibernate Validator 6.2.3.Final
09:54:39.177 [main] INFO  c.h.s.g.HyGatewayApplication - [logStartupProfileInfo,640] - The following 1 profile is active: "dev"
09:54:48.841 [main] INFO  c.a.c.n.r.NacosServiceRegistry - [register,75] - nacos registry, DEFAULT_GROUP demo-gateway 192.168.61.1:8201 register finished
09:54:49.421 [main] INFO  c.h.s.g.HyGatewayApplication - [logStarted,61] - Started HyGatewayApplication in 14.261 seconds (JVM running for 15.306)
09:54:49.425 [main] INFO  c.a.c.n.r.NacosContextRefresher - [registerNacosListenersForApplications,105] - listening config: dataId=demo-gateway-dev.properties, group=DEFAULT_GROUP
09:54:49.429 [main] INFO  c.a.c.n.r.NacosContextRefresher - [registerNacosListenersForApplications,105] - listening config: dataId=demo-gateway, group=DEFAULT_GROUP
09:54:49.429 [main] INFO  c.a.c.n.r.NacosContextRefresher - [registerNacosListenersForApplications,105] - listening config: dataId=demo-gateway.properties, group=DEFAULT_GROUP
09:54:49.703 [RMI TCP Connection(16)-10.32.128.102] INFO  c.z.h.HikariDataSource - [getConnection,110] - HikariCPGate - Starting...
09:54:50.002 [RMI TCP Connection(16)-10.32.128.102] INFO  c.z.h.HikariDataSource - [getConnection,123] - HikariCPGate - Start completed.
09:55:10.306 [parallel-1] INFO  c.h.s.g.c.SwaggerResourceConfig - [swaggerResource,50] - name:auth,location:/demo-oauth2-auth/v2/api-docs
09:55:10.307 [parallel-1] INFO  c.h.s.g.c.SwaggerResourceConfig - [swaggerResource,50] - name:api,location:/test-api/v2/api-docs
09:55:10.307 [parallel-1] INFO  c.h.s.g.c.SwaggerResourceConfig - [swaggerResource,50] - name:kefu-api,location:/kefu-api/v2/api-docs
09:55:10.307 [parallel-1] INFO  c.h.s.g.c.SwaggerResourceConfig - [swaggerResource,50] - name:demo-job-admin,location:/demo-job-admin/v2/api-docs
09:55:10.307 [parallel-1] INFO  c.h.s.g.c.SwaggerResourceConfig - [swaggerResource,50] - name:xxl-job-admin,location:/xxl-job-admin/v2/api-docs
09:55:30.178 [parallel-2] INFO  c.h.s.g.c.SwaggerResourceConfig - [swaggerResource,50] - name:auth,location:/demo-oauth2-auth/v2/api-docs
09:55:30.178 [parallel-2] INFO  c.h.s.g.c.SwaggerResourceConfig - [swaggerResource,50] - name:api,location:/test-api/v2/api-docs
09:55:30.179 [parallel-2] INFO  c.h.s.g.c.SwaggerResourceConfig - [swaggerResource,50] - name:kefu-api,location:/kefu-api/v2/api-docs
09:55:30.179 [parallel-2] INFO  c.h.s.g.c.SwaggerResourceConfig - [swaggerResource,50] - name:demo-job-admin,location:/demo-job-admin/v2/api-docs
09:55:30.179 [parallel-2] INFO  c.h.s.g.c.SwaggerResourceConfig - [swaggerResource,50] - name:xxl-job-admin,location:/xxl-job-admin/v2/api-docs
09:58:01.193 [parallel-2] INFO  c.h.s.g.c.SwaggerResourceConfig - [swaggerResource,50] - name:auth,location:/demo-oauth2-auth/v2/api-docs
09:58:01.194 [parallel-2] INFO  c.h.s.g.c.SwaggerResourceConfig - [swaggerResource,50] - name:api,location:/test-api/v2/api-docs
09:58:01.194 [parallel-2] INFO  c.h.s.g.c.SwaggerResourceConfig - [swaggerResource,50] - name:kefu-api,location:/kefu-api/v2/api-docs
09:58:01.195 [parallel-2] INFO  c.h.s.g.c.SwaggerResourceConfig - [swaggerResource,50] - name:demo-job-admin,location:/demo-job-admin/v2/api-docs
09:58:01.195 [parallel-2] INFO  c.h.s.g.c.SwaggerResourceConfig - [swaggerResource,50] - name:xxl-job-admin,location:/xxl-job-admin/v2/api-docs
10:08:09.822 [parallel-8] INFO  c.h.s.g.c.SwaggerResourceConfig - [swaggerResource,50] - name:auth,location:/demo-oauth2-auth/v2/api-docs
10:08:09.823 [parallel-8] INFO  c.h.s.g.c.SwaggerResourceConfig - [swaggerResource,50] - name:api,location:/test-api/v2/api-docs
10:08:09.824 [parallel-8] INFO  c.h.s.g.c.SwaggerResourceConfig - [swaggerResource,50] - name:kefu-api,location:/kefu-api/v2/api-docs
10:08:09.824 [parallel-8] INFO  c.h.s.g.c.SwaggerResourceConfig - [swaggerResource,50] - name:demo-job-admin,location:/demo-job-admin/v2/api-docs
10:08:09.824 [parallel-8] INFO  c.h.s.g.c.SwaggerResourceConfig - [swaggerResource,50] - name:xxl-job-admin,location:/xxl-job-admin/v2/api-docs
10:18:47.484 [parallel-3] INFO  c.h.s.g.c.SwaggerResourceConfig - [swaggerResource,50] - name:auth,location:/demo-oauth2-auth/v2/api-docs
10:18:47.484 [parallel-3] INFO  c.h.s.g.c.SwaggerResourceConfig - [swaggerResource,50] - name:api,location:/test-api/v2/api-docs
10:18:47.484 [parallel-3] INFO  c.h.s.g.c.SwaggerResourceConfig - [swaggerResource,50] - name:kefu-api,location:/kefu-api/v2/api-docs
10:18:47.485 [parallel-3] INFO  c.h.s.g.c.SwaggerResourceConfig - [swaggerResource,50] - name:demo-job-admin,location:/demo-job-admin/v2/api-docs
10:18:47.485 [parallel-3] INFO  c.h.s.g.c.SwaggerResourceConfig - [swaggerResource,50] - name:xxl-job-admin,location:/xxl-job-admin/v2/api-docs
10:19:13.078 [parallel-4] INFO  c.h.s.g.c.SwaggerResourceConfig - [swaggerResource,50] - name:auth,location:/demo-oauth2-auth/v2/api-docs
10:19:13.079 [parallel-4] INFO  c.h.s.g.c.SwaggerResourceConfig - [swaggerResource,50] - name:api,location:/test-api/v2/api-docs
10:19:13.079 [parallel-4] INFO  c.h.s.g.c.SwaggerResourceConfig - [swaggerResource,50] - name:kefu-api,location:/kefu-api/v2/api-docs
10:19:13.079 [parallel-4] INFO  c.h.s.g.c.SwaggerResourceConfig - [swaggerResource,50] - name:demo-job-admin,location:/demo-job-admin/v2/api-docs
10:19:13.079 [parallel-4] INFO  c.h.s.g.c.SwaggerResourceConfig - [swaggerResource,50] - name:xxl-job-admin,location:/xxl-job-admin/v2/api-docs
10:19:28.931 [parallel-8] INFO  c.h.s.g.f.AuthGlobalFilter - [filter,67] - AuthGlobalFilter.filter() user:{"user_name":"yaoadmin","roleid":"8ed4607c-c13e-418d-9248-9f91ab4dde99","scope":["all"],"unitid":"56c5c784-65d5-46c5-861c-1d827ceb258e","roletype":"1","id":"6da2a1eb-5ecc-4afa-8501-638a510b71df","exp":1691720007,"authorities":["ADMIN"],"jti":"0b4a2af8-d03f-4321-a6ea-0fbd9e4588b3","client_id":"test-id"}
10:20:48.977 [parallel-9] INFO  c.h.s.g.f.AuthGlobalFilter - [filter,67] - AuthGlobalFilter.filter() user:{"user_name":"yaoadmin","roleid":"8ed4607c-c13e-418d-9248-9f91ab4dde99","scope":["all"],"unitid":"56c5c784-65d5-46c5-861c-1d827ceb258e","roletype":"1","id":"6da2a1eb-5ecc-4afa-8501-638a510b71df","exp":1691720007,"authorities":["ADMIN"],"jti":"0b4a2af8-d03f-4321-a6ea-0fbd9e4588b3","client_id":"test-id"}
10:26:41.420 [parallel-6] INFO  c.h.s.g.f.AuthGlobalFilter - [filter,67] - AuthGlobalFilter.filter() user:{"user_name":"yaoadmin","roleid":"8ed4607c-c13e-418d-9248-9f91ab4dde99","scope":["all"],"unitid":"56c5c784-65d5-46c5-861c-1d827ceb258e","roletype":"1","id":"6da2a1eb-5ecc-4afa-8501-638a510b71df","exp":1691720007,"authorities":["ADMIN"],"jti":"0b4a2af8-d03f-4321-a6ea-0fbd9e4588b3","client_id":"test-id"}
10:27:32.880 [parallel-7] INFO  c.h.s.g.f.AuthGlobalFilter - [filter,67] - AuthGlobalFilter.filter() user:{"user_name":"yaoadmin","roleid":"8ed4607c-c13e-418d-9248-9f91ab4dde99","scope":["all"],"unitid":"56c5c784-65d5-46c5-861c-1d827ceb258e","roletype":"1","id":"6da2a1eb-5ecc-4afa-8501-638a510b71df","exp":1691720007,"authorities":["ADMIN"],"jti":"0b4a2af8-d03f-4321-a6ea-0fbd9e4588b3","client_id":"test-id"}
10:37:43.851 [SpringApplicationShutdownHook] INFO  c.a.c.n.r.NacosServiceRegistry - [deregister,94] - De-registering from Nacos Server now...
10:37:43.855 [SpringApplicationShutdownHook] INFO  c.a.c.n.r.NacosServiceRegistry - [deregister,114] - De-registration finished.
10:37:50.324 [SpringApplicationShutdownHook] INFO  c.z.h.HikariDataSource - [close,350] - HikariCPGate - Shutdown initiated...
10:37:50.324 [SpringApplicationShutdownHook] INFO  c.z.h.HikariDataSource - [close,352] - HikariCPGate - Shutdown completed.
14:49:22.259 [background-preinit] INFO  o.h.v.i.util.Version - [<clinit>,21] - HV000001: Hibernate Validator 6.2.3.Final
14:49:23.750 [main] INFO  c.h.s.g.HyGatewayApplication - [logStartupProfileInfo,640] - The following 1 profile is active: "dev"
14:49:33.045 [main] INFO  c.a.c.n.r.NacosServiceRegistry - [register,75] - nacos registry, DEFAULT_GROUP demo-gateway 192.168.61.1:8201 register finished
14:49:33.641 [main] INFO  c.h.s.g.HyGatewayApplication - [logStarted,61] - Started HyGatewayApplication in 13.087 seconds (JVM running for 13.913)
14:49:33.641 [main] INFO  c.a.c.n.r.NacosContextRefresher - [registerNacosListenersForApplications,105] - listening config: dataId=demo-gateway-dev.properties, group=DEFAULT_GROUP
14:49:33.641 [main] INFO  c.a.c.n.r.NacosContextRefresher - [registerNacosListenersForApplications,105] - listening config: dataId=demo-gateway, group=DEFAULT_GROUP
14:49:33.641 [main] INFO  c.a.c.n.r.NacosContextRefresher - [registerNacosListenersForApplications,105] - listening config: dataId=demo-gateway.properties, group=DEFAULT_GROUP
14:49:33.836 [RMI TCP Connection(3)-10.32.128.102] INFO  c.z.h.HikariDataSource - [getConnection,110] - HikariCPGate - Starting...
14:49:34.100 [RMI TCP Connection(3)-10.32.128.102] INFO  c.z.h.HikariDataSource - [getConnection,123] - HikariCPGate - Start completed.
15:04:56.767 [parallel-8] INFO  c.h.s.g.c.SwaggerResourceConfig - [swaggerResource,50] - name:auth,location:/demo-oauth2-auth/v2/api-docs
15:04:56.767 [parallel-8] INFO  c.h.s.g.c.SwaggerResourceConfig - [swaggerResource,50] - name:api,location:/test-api/v2/api-docs
15:04:56.768 [parallel-8] INFO  c.h.s.g.c.SwaggerResourceConfig - [swaggerResource,50] - name:kefu-api,location:/kefu-api/v2/api-docs
15:04:56.768 [parallel-8] INFO  c.h.s.g.c.SwaggerResourceConfig - [swaggerResource,50] - name:demo-job-admin,location:/demo-job-admin/v2/api-docs
15:04:56.768 [parallel-8] INFO  c.h.s.g.c.SwaggerResourceConfig - [swaggerResource,50] - name:xxl-job-admin,location:/xxl-job-admin/v2/api-docs
15:06:26.848 [parallel-5] INFO  c.h.s.g.f.AuthGlobalFilter - [filter,67] - AuthGlobalFilter.filter() user:{"user_name":"yaoadmin","roleid":"8ed4607c-c13e-418d-9248-9f91ab4dde99","scope":["all"],"unitid":"56c5c784-65d5-46c5-861c-1d827ceb258e","roletype":"1","id":"6da2a1eb-5ecc-4afa-8501-638a510b71df","exp":1691720007,"authorities":["ADMIN"],"jti":"0b4a2af8-d03f-4321-a6ea-0fbd9e4588b3","client_id":"test-id"}
16:02:24.736 [SpringApplicationShutdownHook] INFO  c.a.c.n.r.NacosServiceRegistry - [deregister,94] - De-registering from Nacos Server now...
16:02:24.739 [SpringApplicationShutdownHook] INFO  c.a.c.n.r.NacosServiceRegistry - [deregister,114] - De-registration finished.
16:02:32.000 [SpringApplicationShutdownHook] INFO  c.z.h.HikariDataSource - [close,350] - HikariCPGate - Shutdown initiated...
16:02:32.002 [SpringApplicationShutdownHook] INFO  c.z.h.HikariDataSource - [close,352] - HikariCPGate - Shutdown completed.
16:12:56.097 [background-preinit] INFO  o.h.v.i.util.Version - [<clinit>,21] - HV000001: Hibernate Validator 6.2.3.Final
16:12:57.581 [main] INFO  c.h.s.g.HyGatewayApplication - [logStartupProfileInfo,640] - The following 1 profile is active: "dev"
16:13:06.915 [main] INFO  c.a.c.n.r.NacosServiceRegistry - [register,75] - nacos registry, DEFAULT_GROUP demo-gateway 192.168.61.1:8201 register finished
16:13:07.497 [main] INFO  c.h.s.g.HyGatewayApplication - [logStarted,61] - Started HyGatewayApplication in 13.018 seconds (JVM running for 13.698)
16:13:07.503 [main] INFO  c.a.c.n.r.NacosContextRefresher - [registerNacosListenersForApplications,105] - listening config: dataId=demo-gateway-dev.properties, group=DEFAULT_GROUP
16:13:07.504 [main] INFO  c.a.c.n.r.NacosContextRefresher - [registerNacosListenersForApplications,105] - listening config: dataId=demo-gateway, group=DEFAULT_GROUP
16:13:07.504 [main] INFO  c.a.c.n.r.NacosContextRefresher - [registerNacosListenersForApplications,105] - listening config: dataId=demo-gateway.properties, group=DEFAULT_GROUP
16:13:07.504 [main] INFO  c.h.s.g.HyGatewayApplication - [main,17] - =======网关启动完成========
16:13:08.174 [RMI TCP Connection(5)-10.32.128.102] INFO  c.z.h.HikariDataSource - [getConnection,110] - HikariCPGate - Starting...
16:13:08.519 [RMI TCP Connection(5)-10.32.128.102] INFO  c.z.h.HikariDataSource - [getConnection,123] - HikariCPGate - Start completed.
16:13:55.490 [parallel-8] INFO  c.h.s.g.c.SwaggerResourceConfig - [swaggerResource,50] - name:auth,location:/demo-oauth2-auth/v2/api-docs
16:13:55.491 [parallel-8] INFO  c.h.s.g.c.SwaggerResourceConfig - [swaggerResource,50] - name:api,location:/test-api/v2/api-docs
16:13:55.491 [parallel-8] INFO  c.h.s.g.c.SwaggerResourceConfig - [swaggerResource,50] - name:kefu-api,location:/kefu-api/v2/api-docs
16:13:55.492 [parallel-8] INFO  c.h.s.g.c.SwaggerResourceConfig - [swaggerResource,50] - name:demo-job-admin,location:/demo-job-admin/v2/api-docs
16:13:55.492 [parallel-8] INFO  c.h.s.g.c.SwaggerResourceConfig - [swaggerResource,50] - name:xxl-job-admin,location:/xxl-job-admin/v2/api-docs
16:20:27.435 [parallel-4] INFO  c.h.s.g.f.AuthGlobalFilter - [filter,67] - AuthGlobalFilter.filter() user:{"user_name":"yaoadmin","roleid":"8ed4607c-c13e-418d-9248-9f91ab4dde99","scope":["all"],"unitid":"56c5c784-65d5-46c5-861c-1d827ceb258e","roletype":"1","id":"6da2a1eb-5ecc-4afa-8501-638a510b71df","exp":1691720007,"authorities":["ADMIN"],"jti":"0b4a2af8-d03f-4321-a6ea-0fbd9e4588b3","client_id":"test-id"}
16:20:36.966 [parallel-12] INFO  c.h.s.g.f.AuthGlobalFilter - [filter,67] - AuthGlobalFilter.filter() user:{"user_name":"yaoadmin","roleid":"8ed4607c-c13e-418d-9248-9f91ab4dde99","scope":["all"],"unitid":"56c5c784-65d5-46c5-861c-1d827ceb258e","roletype":"1","id":"6da2a1eb-5ecc-4afa-8501-638a510b71df","exp":1691720007,"authorities":["ADMIN"],"jti":"0b4a2af8-d03f-4321-a6ea-0fbd9e4588b3","client_id":"test-id"}
16:20:42.190 [parallel-2] INFO  c.h.s.g.f.AuthGlobalFilter - [filter,67] - AuthGlobalFilter.filter() user:{"user_name":"yaoadmin","roleid":"8ed4607c-c13e-418d-9248-9f91ab4dde99","scope":["all"],"unitid":"56c5c784-65d5-46c5-861c-1d827ceb258e","roletype":"1","id":"6da2a1eb-5ecc-4afa-8501-638a510b71df","exp":1691720007,"authorities":["ADMIN"],"jti":"0b4a2af8-d03f-4321-a6ea-0fbd9e4588b3","client_id":"test-id"}
16:20:48.497 [parallel-3] INFO  c.h.s.g.f.AuthGlobalFilter - [filter,67] - AuthGlobalFilter.filter() user:{"user_name":"yaoadmin","roleid":"8ed4607c-c13e-418d-9248-9f91ab4dde99","scope":["all"],"unitid":"56c5c784-65d5-46c5-861c-1d827ceb258e","roletype":"1","id":"6da2a1eb-5ecc-4afa-8501-638a510b71df","exp":1691720007,"authorities":["ADMIN"],"jti":"0b4a2af8-d03f-4321-a6ea-0fbd9e4588b3","client_id":"test-id"}
16:20:58.993 [parallel-5] INFO  c.h.s.g.f.AuthGlobalFilter - [filter,67] - AuthGlobalFilter.filter() user:{"user_name":"yaoadmin","roleid":"8ed4607c-c13e-418d-9248-9f91ab4dde99","scope":["all"],"unitid":"56c5c784-65d5-46c5-861c-1d827ceb258e","roletype":"1","id":"6da2a1eb-5ecc-4afa-8501-638a510b71df","exp":1691720007,"authorities":["ADMIN"],"jti":"0b4a2af8-d03f-4321-a6ea-0fbd9e4588b3","client_id":"test-id"}
16:22:13.262 [parallel-7] INFO  c.h.s.g.f.AuthGlobalFilter - [filter,67] - AuthGlobalFilter.filter() user:{"user_name":"yaoadmin","roleid":"8ed4607c-c13e-418d-9248-9f91ab4dde99","scope":["all"],"unitid":"56c5c784-65d5-46c5-861c-1d827ceb258e","roletype":"1","id":"6da2a1eb-5ecc-4afa-8501-638a510b71df","exp":1691720007,"authorities":["ADMIN"],"jti":"0b4a2af8-d03f-4321-a6ea-0fbd9e4588b3","client_id":"test-id"}
16:22:15.272 [parallel-10] INFO  c.h.s.g.f.AuthGlobalFilter - [filter,67] - AuthGlobalFilter.filter() user:{"user_name":"yaoadmin","roleid":"8ed4607c-c13e-418d-9248-9f91ab4dde99","scope":["all"],"unitid":"56c5c784-65d5-46c5-861c-1d827ceb258e","roletype":"1","id":"6da2a1eb-5ecc-4afa-8501-638a510b71df","exp":1691720007,"authorities":["ADMIN"],"jti":"0b4a2af8-d03f-4321-a6ea-0fbd9e4588b3","client_id":"test-id"}
16:22:15.386 [parallel-11] INFO  c.h.s.g.f.AuthGlobalFilter - [filter,67] - AuthGlobalFilter.filter() user:{"user_name":"yaoadmin","roleid":"8ed4607c-c13e-418d-9248-9f91ab4dde99","scope":["all"],"unitid":"56c5c784-65d5-46c5-861c-1d827ceb258e","roletype":"1","id":"6da2a1eb-5ecc-4afa-8501-638a510b71df","exp":1691720007,"authorities":["ADMIN"],"jti":"0b4a2af8-d03f-4321-a6ea-0fbd9e4588b3","client_id":"test-id"}
16:23:07.344 [parallel-8] INFO  c.h.s.g.f.AuthGlobalFilter - [filter,67] - AuthGlobalFilter.filter() user:{"user_name":"yaoadmin","roleid":"8ed4607c-c13e-418d-9248-9f91ab4dde99","scope":["all"],"unitid":"56c5c784-65d5-46c5-861c-1d827ceb258e","roletype":"1","id":"6da2a1eb-5ecc-4afa-8501-638a510b71df","exp":1691720007,"authorities":["ADMIN"],"jti":"0b4a2af8-d03f-4321-a6ea-0fbd9e4588b3","client_id":"test-id"}
16:23:08.932 [parallel-11] INFO  c.h.s.g.f.AuthGlobalFilter - [filter,67] - AuthGlobalFilter.filter() user:{"user_name":"yaoadmin","roleid":"8ed4607c-c13e-418d-9248-9f91ab4dde99","scope":["all"],"unitid":"56c5c784-65d5-46c5-861c-1d827ceb258e","roletype":"1","id":"6da2a1eb-5ecc-4afa-8501-638a510b71df","exp":1691720007,"authorities":["ADMIN"],"jti":"0b4a2af8-d03f-4321-a6ea-0fbd9e4588b3","client_id":"test-id"}
16:23:11.900 [parallel-12] INFO  c.h.s.g.f.AuthGlobalFilter - [filter,67] - AuthGlobalFilter.filter() user:{"user_name":"yaoadmin","roleid":"8ed4607c-c13e-418d-9248-9f91ab4dde99","scope":["all"],"unitid":"56c5c784-65d5-46c5-861c-1d827ceb258e","roletype":"1","id":"6da2a1eb-5ecc-4afa-8501-638a510b71df","exp":1691720007,"authorities":["ADMIN"],"jti":"0b4a2af8-d03f-4321-a6ea-0fbd9e4588b3","client_id":"test-id"}
16:23:17.417 [parallel-2] INFO  c.h.s.g.f.AuthGlobalFilter - [filter,67] - AuthGlobalFilter.filter() user:{"user_name":"yaoadmin","roleid":"8ed4607c-c13e-418d-9248-9f91ab4dde99","scope":["all"],"unitid":"56c5c784-65d5-46c5-861c-1d827ceb258e","roletype":"1","id":"6da2a1eb-5ecc-4afa-8501-638a510b71df","exp":1691720007,"authorities":["ADMIN"],"jti":"0b4a2af8-d03f-4321-a6ea-0fbd9e4588b3","client_id":"test-id"}
16:23:17.449 [parallel-3] INFO  c.h.s.g.f.AuthGlobalFilter - [filter,67] - AuthGlobalFilter.filter() user:{"user_name":"yaoadmin","roleid":"8ed4607c-c13e-418d-9248-9f91ab4dde99","scope":["all"],"unitid":"56c5c784-65d5-46c5-861c-1d827ceb258e","roletype":"1","id":"6da2a1eb-5ecc-4afa-8501-638a510b71df","exp":1691720007,"authorities":["ADMIN"],"jti":"0b4a2af8-d03f-4321-a6ea-0fbd9e4588b3","client_id":"test-id"}
16:23:24.629 [parallel-11] INFO  c.h.s.g.f.AuthGlobalFilter - [filter,67] - AuthGlobalFilter.filter() user:{"user_name":"yaoadmin","roleid":"8ed4607c-c13e-418d-9248-9f91ab4dde99","scope":["all"],"unitid":"56c5c784-65d5-46c5-861c-1d827ceb258e","roletype":"1","id":"6da2a1eb-5ecc-4afa-8501-638a510b71df","exp":1691720007,"authorities":["ADMIN"],"jti":"0b4a2af8-d03f-4321-a6ea-0fbd9e4588b3","client_id":"test-id"}
16:23:28.300 [parallel-12] INFO  c.h.s.g.f.AuthGlobalFilter - [filter,67] - AuthGlobalFilter.filter() user:{"user_name":"yaoadmin","roleid":"8ed4607c-c13e-418d-9248-9f91ab4dde99","scope":["all"],"unitid":"56c5c784-65d5-46c5-861c-1d827ceb258e","roletype":"1","id":"6da2a1eb-5ecc-4afa-8501-638a510b71df","exp":1691720007,"authorities":["ADMIN"],"jti":"0b4a2af8-d03f-4321-a6ea-0fbd9e4588b3","client_id":"test-id"}
16:23:29.458 [parallel-1] INFO  c.h.s.g.f.AuthGlobalFilter - [filter,67] - AuthGlobalFilter.filter() user:{"user_name":"yaoadmin","roleid":"8ed4607c-c13e-418d-9248-9f91ab4dde99","scope":["all"],"unitid":"56c5c784-65d5-46c5-861c-1d827ceb258e","roletype":"1","id":"6da2a1eb-5ecc-4afa-8501-638a510b71df","exp":1691720007,"authorities":["ADMIN"],"jti":"0b4a2af8-d03f-4321-a6ea-0fbd9e4588b3","client_id":"test-id"}
16:23:29.478 [parallel-2] INFO  c.h.s.g.f.AuthGlobalFilter - [filter,67] - AuthGlobalFilter.filter() user:{"user_name":"yaoadmin","roleid":"8ed4607c-c13e-418d-9248-9f91ab4dde99","scope":["all"],"unitid":"56c5c784-65d5-46c5-861c-1d827ceb258e","roletype":"1","id":"6da2a1eb-5ecc-4afa-8501-638a510b71df","exp":1691720007,"authorities":["ADMIN"],"jti":"0b4a2af8-d03f-4321-a6ea-0fbd9e4588b3","client_id":"test-id"}
16:23:34.185 [parallel-12] INFO  c.h.s.g.f.AuthGlobalFilter - [filter,67] - AuthGlobalFilter.filter() user:{"user_name":"yaoadmin","roleid":"8ed4607c-c13e-418d-9248-9f91ab4dde99","scope":["all"],"unitid":"56c5c784-65d5-46c5-861c-1d827ceb258e","roletype":"1","id":"6da2a1eb-5ecc-4afa-8501-638a510b71df","exp":1691720007,"authorities":["ADMIN"],"jti":"0b4a2af8-d03f-4321-a6ea-0fbd9e4588b3","client_id":"test-id"}
16:23:34.210 [parallel-1] INFO  c.h.s.g.f.AuthGlobalFilter - [filter,67] - AuthGlobalFilter.filter() user:{"user_name":"yaoadmin","roleid":"8ed4607c-c13e-418d-9248-9f91ab4dde99","scope":["all"],"unitid":"56c5c784-65d5-46c5-861c-1d827ceb258e","roletype":"1","id":"6da2a1eb-5ecc-4afa-8501-638a510b71df","exp":1691720007,"authorities":["ADMIN"],"jti":"0b4a2af8-d03f-4321-a6ea-0fbd9e4588b3","client_id":"test-id"}
16:23:37.497 [parallel-9] INFO  c.h.s.g.f.AuthGlobalFilter - [filter,67] - AuthGlobalFilter.filter() user:{"user_name":"yaoadmin","roleid":"8ed4607c-c13e-418d-9248-9f91ab4dde99","scope":["all"],"unitid":"56c5c784-65d5-46c5-861c-1d827ceb258e","roletype":"1","id":"6da2a1eb-5ecc-4afa-8501-638a510b71df","exp":1691720007,"authorities":["ADMIN"],"jti":"0b4a2af8-d03f-4321-a6ea-0fbd9e4588b3","client_id":"test-id"}
16:24:34.376 [parallel-11] INFO  c.h.s.g.f.AuthGlobalFilter - [filter,67] - AuthGlobalFilter.filter() user:{"user_name":"yaoadmin","roleid":"8ed4607c-c13e-418d-9248-9f91ab4dde99","scope":["all"],"unitid":"56c5c784-65d5-46c5-861c-1d827ceb258e","roletype":"1","id":"6da2a1eb-5ecc-4afa-8501-638a510b71df","exp":1691720007,"authorities":["ADMIN"],"jti":"0b4a2af8-d03f-4321-a6ea-0fbd9e4588b3","client_id":"test-id"}
16:24:35.852 [parallel-2] INFO  c.h.s.g.f.AuthGlobalFilter - [filter,67] - AuthGlobalFilter.filter() user:{"user_name":"yaoadmin","roleid":"8ed4607c-c13e-418d-9248-9f91ab4dde99","scope":["all"],"unitid":"56c5c784-65d5-46c5-861c-1d827ceb258e","roletype":"1","id":"6da2a1eb-5ecc-4afa-8501-638a510b71df","exp":1691720007,"authorities":["ADMIN"],"jti":"0b4a2af8-d03f-4321-a6ea-0fbd9e4588b3","client_id":"test-id"}
16:24:37.396 [parallel-3] INFO  c.h.s.g.f.AuthGlobalFilter - [filter,67] - AuthGlobalFilter.filter() user:{"user_name":"yaoadmin","roleid":"8ed4607c-c13e-418d-9248-9f91ab4dde99","scope":["all"],"unitid":"56c5c784-65d5-46c5-861c-1d827ceb258e","roletype":"1","id":"6da2a1eb-5ecc-4afa-8501-638a510b71df","exp":1691720007,"authorities":["ADMIN"],"jti":"0b4a2af8-d03f-4321-a6ea-0fbd9e4588b3","client_id":"test-id"}
16:24:58.777 [parallel-4] INFO  c.h.s.g.f.AuthGlobalFilter - [filter,67] - AuthGlobalFilter.filter() user:{"user_name":"yaoadmin","roleid":"8ed4607c-c13e-418d-9248-9f91ab4dde99","scope":["all"],"unitid":"56c5c784-65d5-46c5-861c-1d827ceb258e","roletype":"1","id":"6da2a1eb-5ecc-4afa-8501-638a510b71df","exp":1691720007,"authorities":["ADMIN"],"jti":"0b4a2af8-d03f-4321-a6ea-0fbd9e4588b3","client_id":"test-id"}
16:25:10.366 [parallel-5] INFO  c.h.s.g.f.AuthGlobalFilter - [filter,67] - AuthGlobalFilter.filter() user:{"user_name":"yaoadmin","roleid":"8ed4607c-c13e-418d-9248-9f91ab4dde99","scope":["all"],"unitid":"56c5c784-65d5-46c5-861c-1d827ceb258e","roletype":"1","id":"6da2a1eb-5ecc-4afa-8501-638a510b71df","exp":1691720007,"authorities":["ADMIN"],"jti":"0b4a2af8-d03f-4321-a6ea-0fbd9e4588b3","client_id":"test-id"}
16:26:45.778 [parallel-7] INFO  c.h.s.g.f.AuthGlobalFilter - [filter,67] - AuthGlobalFilter.filter() user:{"user_name":"yaoadmin","roleid":"8ed4607c-c13e-418d-9248-9f91ab4dde99","scope":["all"],"unitid":"56c5c784-65d5-46c5-861c-1d827ceb258e","roletype":"1","id":"6da2a1eb-5ecc-4afa-8501-638a510b71df","exp":1691720007,"authorities":["ADMIN"],"jti":"0b4a2af8-d03f-4321-a6ea-0fbd9e4588b3","client_id":"test-id"}
16:27:17.319 [parallel-9] INFO  c.h.s.g.f.AuthGlobalFilter - [filter,67] - AuthGlobalFilter.filter() user:{"user_name":"yaoadmin","roleid":"8ed4607c-c13e-418d-9248-9f91ab4dde99","scope":["all"],"unitid":"56c5c784-65d5-46c5-861c-1d827ceb258e","roletype":"1","id":"6da2a1eb-5ecc-4afa-8501-638a510b71df","exp":1691720007,"authorities":["ADMIN"],"jti":"0b4a2af8-d03f-4321-a6ea-0fbd9e4588b3","client_id":"test-id"}
16:27:46.531 [parallel-11] INFO  c.h.s.g.f.AuthGlobalFilter - [filter,67] - AuthGlobalFilter.filter() user:{"user_name":"yaoadmin","roleid":"8ed4607c-c13e-418d-9248-9f91ab4dde99","scope":["all"],"unitid":"56c5c784-65d5-46c5-861c-1d827ceb258e","roletype":"1","id":"6da2a1eb-5ecc-4afa-8501-638a510b71df","exp":1691720007,"authorities":["ADMIN"],"jti":"0b4a2af8-d03f-4321-a6ea-0fbd9e4588b3","client_id":"test-id"}
16:27:53.617 [parallel-2] INFO  c.h.s.g.f.AuthGlobalFilter - [filter,67] - AuthGlobalFilter.filter() user:{"user_name":"yaoadmin","roleid":"8ed4607c-c13e-418d-9248-9f91ab4dde99","scope":["all"],"unitid":"56c5c784-65d5-46c5-861c-1d827ceb258e","roletype":"1","id":"6da2a1eb-5ecc-4afa-8501-638a510b71df","exp":1691720007,"authorities":["ADMIN"],"jti":"0b4a2af8-d03f-4321-a6ea-0fbd9e4588b3","client_id":"test-id"}
16:28:00.572 [parallel-4] INFO  c.h.s.g.f.AuthGlobalFilter - [filter,67] - AuthGlobalFilter.filter() user:{"user_name":"yaoadmin","roleid":"8ed4607c-c13e-418d-9248-9f91ab4dde99","scope":["all"],"unitid":"56c5c784-65d5-46c5-861c-1d827ceb258e","roletype":"1","id":"6da2a1eb-5ecc-4afa-8501-638a510b71df","exp":1691720007,"authorities":["ADMIN"],"jti":"0b4a2af8-d03f-4321-a6ea-0fbd9e4588b3","client_id":"test-id"}
16:28:02.616 [parallel-5] INFO  c.h.s.g.f.AuthGlobalFilter - [filter,67] - AuthGlobalFilter.filter() user:{"user_name":"yaoadmin","roleid":"8ed4607c-c13e-418d-9248-9f91ab4dde99","scope":["all"],"unitid":"56c5c784-65d5-46c5-861c-1d827ceb258e","roletype":"1","id":"6da2a1eb-5ecc-4afa-8501-638a510b71df","exp":1691720007,"authorities":["ADMIN"],"jti":"0b4a2af8-d03f-4321-a6ea-0fbd9e4588b3","client_id":"test-id"}
16:28:03.385 [parallel-6] INFO  c.h.s.g.f.AuthGlobalFilter - [filter,67] - AuthGlobalFilter.filter() user:{"user_name":"yaoadmin","roleid":"8ed4607c-c13e-418d-9248-9f91ab4dde99","scope":["all"],"unitid":"56c5c784-65d5-46c5-861c-1d827ceb258e","roletype":"1","id":"6da2a1eb-5ecc-4afa-8501-638a510b71df","exp":1691720007,"authorities":["ADMIN"],"jti":"0b4a2af8-d03f-4321-a6ea-0fbd9e4588b3","client_id":"test-id"}
16:28:04.132 [parallel-7] INFO  c.h.s.g.f.AuthGlobalFilter - [filter,67] - AuthGlobalFilter.filter() user:{"user_name":"yaoadmin","roleid":"8ed4607c-c13e-418d-9248-9f91ab4dde99","scope":["all"],"unitid":"56c5c784-65d5-46c5-861c-1d827ceb258e","roletype":"1","id":"6da2a1eb-5ecc-4afa-8501-638a510b71df","exp":1691720007,"authorities":["ADMIN"],"jti":"0b4a2af8-d03f-4321-a6ea-0fbd9e4588b3","client_id":"test-id"}
16:29:25.090 [SpringApplicationShutdownHook] INFO  c.a.c.n.r.NacosServiceRegistry - [deregister,94] - De-registering from Nacos Server now...
16:29:25.092 [SpringApplicationShutdownHook] INFO  c.a.c.n.r.NacosServiceRegistry - [deregister,114] - De-registration finished.
16:29:32.647 [SpringApplicationShutdownHook] INFO  c.z.h.HikariDataSource - [close,350] - HikariCPGate - Shutdown initiated...
16:29:32.650 [SpringApplicationShutdownHook] INFO  c.z.h.HikariDataSource - [close,352] - HikariCPGate - Shutdown completed.
